========== nohup  python ghProc.py projects/top_C++/TideSDK >> cpp.out 2>> cpp.err ============
========== nohup  python ghProc.py projects/top_C++/bitcoin >> cpp.out 2>> cpp.err ============
========== nohup  python ghProc.py projects/top_C++/brackets-app >> cpp.out 2>> cpp.err ============
========== nohup  python ghProc.py projects/top_C++/capnproto >> cpp.out 2>> cpp.err ============
========== nohup  python ghProc.py projects/top_C++/DOOM-3-BFG >> cpp.out 2>> cpp.err ============
========== nohup  python ghProc.py projects/top_C++/doom3.gpl >> cpp.out 2>> cpp.err ============
========== nohup  python ghProc.py projects/top_C++/fish-shell >> cpp.out 2>> cpp.err ============
========== nohup  python ghProc.py projects/top_C++/folly >> cpp.out 2>> cpp.err ============
========== nohup  python ghProc.py projects/top_C++/fr_public >> cpp.out 2>> cpp.err ============
========== nohup  python ghProc.py projects/top_C++/grive >> cpp.out 2>> cpp.err ============
========== nohup  python ghProc.py projects/top_C++/hiphop-php >> cpp.out 2>> cpp.err ============
========== nohup  python ghProc.py projects/top_C++/mongo >> cpp.out 2>> cpp.err ============
========== nohup  python ghProc.py projects/top_C++/mosh >> cpp.out 2>> cpp.err ============
========== nohup  python ghProc.py projects/top_C++/node-webkit >> cpp.out 2>> cpp.err ============
========== nohup  python ghProc.py projects/top_C++/opencv >> cpp.out 2>> cpp.err ============
========== nohup  python ghProc.py projects/top_C++/OpenSubdiv >> cpp.out 2>> cpp.err ============
========== nohup  python ghProc.py projects/top_C++/pdf2htmlEX >> cpp.out 2>> cpp.err ============
========== nohup  python ghProc.py projects/top_C++/phantomjs >> cpp.out 2>> cpp.err ============
========== nohup  python ghProc.py projects/top_C++/rethinkdb >> cpp.out 2>> cpp.err ============
========== nohup  python ghProc.py projects/top_C++/rocksdb >> cpp.out 2>> cpp.err ============
========== nohup  python ghProc.py projects/top_C++/source-sdk-2013 >> cpp.out 2>> cpp.err ============
========== nohup  python ghProc.py projects/top_C++/subvim >> cpp.out 2>> cpp.err ============
========== nohup  python ghProc.py projects/top_C++/tiled >> cpp.out 2>> cpp.err ============
========== nohup  python ghProc.py projects/top_C++/Torque3D >> cpp.out 2>> cpp.err ============
========== nohup  python ghProc.py projects/top_C++/TrinityCore >> cpp.out 2>> cpp.err ============
========== nohup  python ghProc.py projects/top_C++/vowpal_wabbit >> cpp.out 2>> cpp.err ============
icode'>
<type 'unicode'>
<type 'unicode'>
<type 'unicode'>
<type 'unicode'>
<type 'unicode'>
<type 'unicode'>
<type 'unicode'>
<type 'unicode'>
<type 'unicode'>
<type 'unicode'>
<type 'unicode'>
<type 'unicode'>
2638
Mismatch count:3915
Normal count:34920
!! Done
Utility to process github logs
Going to process projects/top_C++/folly/all_log.txt 
---------- folly ------------

<type 'unicode'>
<type 'unicode'>
<type 'unicode'>
<type 'unicode'>
<type 'unicode'>
<type 'unicode'>
<type 'unicode'>
<type 'unicode'>
<type 'unicode'>
1612
Mismatch count:3105
Normal count:7681
!! Done
Utility to process github logs
Going to process projects/top_C++/fr_public/all_log.txt 
---------- fr_public ------------

220
Mismatch count:957
Normal count:1071
!! Done
Utility to process github logs
Going to process projects/top_C++/grive/all_log.txt 
---------- grive ------------

<type 'unicode'>
231
Mismatch count:466
Normal count:1453
!! Done
Utility to process github logs
Going to process projects/top_C++/hiphop-php/all_log.txt 
---------- hiphop-php ------------

<type 'unicode'>
<type 'unicode'>
<type 'unicode'>
<type 'unicode'>
<type 'unicode'>
<type 'unicode'>
<type 'unicode'>
<type 'unicode'>
<type 'unicode'>
<type 'unicode'>
<type 'unicode'>
<type 'unicode'>
<type 'unicode'>
<type 'unicode'>
<type 'unicode'>
<type 'unicode'>
<type 'unicode'>
<type 'unicode'>
<type 'unicode'>
<type 'unicode'>
<type 'unicode'>
<type 'unicode'>
<type 'unicode'>
<type 'unicode'>
<type 'unicode'>
<type 'unicode'>
<type 'unicode'>
<type 'unicode'>
<type 'unicode'>
<type 'unicode'>
<type 'unicode'>
<type 'unicode'>
<type 'unicode'>
<type 'unicode'>
<type 'unicode'>
<type 'unicode'>
<type 'unicode'>
<type 'unicode'>
<type 'unicode'>
<type 'unicode'>
<type 'unicode'>
<type 'unicode'>
<type 'unicode'>
<type 'unicode'>
<type 'unicode'>
<type 'unicode'>
<type 'unicode'>
<type 'unicode'>
<type 'unicode'>
<type 'unicode'>
<type 'unicode'>
<type 'unicode'>
<type 'unicode'>
<type 'unicode'>
<type 'unicode'>
<type 'unicode'>
<type 'unicode'>
<type 'unicode'>
<type 'unicode'>
<type 'unicode'>
<type 'unicode'>
<type 'unicode'>
<type 'unicode'>
<type 'unicode'>
<type 'unicode'>
<type 'unicode'>
<type 'unicode'>
<type 'unicode'>
<type 'unicode'>
<type 'unicode'>
<type 'unicode'>
<type 'unicode'>
<type 'unicode'>
<type 'unicode'>
<type 'unicode'>
<type 'unicode'>
<type 'unicode'>
<type 'unicode'>
<type 'unicode'>
<type 'unicode'>
<type 'unicode'>
<type 'unicode'>
<type 'unicode'>
<type 'unicode'>
<type 'unicode'>
<type 'unicode'>
<type 'unicode'>
<type 'unicode'>
<type 'unicode'>
<type 'unicode'>
<type 'unicode'>
<type 'unicode'>
<type 'unicode'>
<type 'unicode'>
<type 'unicode'>
<type 'unicode'>
<type 'unicode'>
<type 'unicode'>
11830
Mismatch count:119530
Normal count:434271
!! Done
Utility to process github logs
Going to process projects/top_C++/mongo/all_log.txt 
---------- mongo ------------

<type 'unicode'>
<type 'unicode'>
23262
Mismatch count:56015
Normal count:166889
!! Done
Utility to process github logs
Going to process projects/top_C++/mosh/all_log.txt 
---------- mosh ------------

<type 'unicode'>
<type 'unicode'>
<type 'unicode'>
<type 'unicode'>
<type 'unicode'>
<type 'unicode'>
<type 'unicode'>
<type 'unicode'>
<type 'unicode'>
<type 'unicode'>
<type 'unicode'>
<type 'unicode'>
<type 'unicode'>
<type 'unicode'>
<type 'unicode'>
<type 'unicode'>
<type 'unicode'>
<type 'unicode'>
<type 'unicode'>
<type 'unicode'>
<type 'unicode'>
<type 'unicode'>
702
Mismatch count:822
Normal count:2725
!! Done
Utility to process github logs
Going to process projects/top_C++/node-webkit/all_log.txt 
---------- node-webkit ------------

<type 'unicode'>
939
Mismatch count:1457
Normal count:4229
!! Done
Utility to process github logs
Going to process projects/top_C++/opencv/all_log.txt 
---------- opencv ------------

<type 'unicode'>
<type 'unicode'>
<type 'unicode'>
<type 'unicode'>
<type 'unicode'>
<type 'unicode'>
<type 'unicode'>
<type 'unicode'>
<type 'unicode'>
<type 'unicode'>
<type 'unicode'>
<type 'unicode'>
<type 'unicode'>
<type 'unicode'>
<type 'unicode'>
<type 'unicode'>
<type 'unicode'>
<type 'unicode'>
<type 'unicode'>
<type 'unicode'>
<type 'unicode'>
<type 'unicode'>
<type 'unicode'>
<type 'unicode'>
<type 'unicode'>
<type 'unicode'>
<type 'unicode'>
<type 'unicode'>
<type 'unicode'>
<type 'unicode'>
<type 'unicode'>
10561
Mismatch count:16502
Normal count:112494
!! Done
Utility to process github logs
Going to process projects/top_C++/OpenSubdiv/all_log.txt 
---------- OpenSubdiv ------------

<type 'unicode'>
<type 'unicode'>
1220
Mismatch count:3756
Normal count:17123
!! Done
Utility to process github logs
Going to process projects/top_C++/pdf2htmlEX/all_log.txt 
---------- pdf2htmlEX ------------

820
Mismatch count:779
Normal count:4163
!! Done
Utility to process github logs
Going to process projects/top_C++/phantomjs/all_log.txt 
---------- phantomjs ------------

<type 'unicode'>
<type 'unicode'>
<type 'unicode'>
<type 'unicode'>
611
Mismatch count:24119
Normal count:4815
!! Done
Utility to process github logs
Going to process projects/top_C++/rethinkdb/all_log.txt 
---------- rethinkdb ------------

<type 'unicode'>
<type 'unicode'>
<type 'unicode'>
<type 'unicode'>
17092
Mismatch count:27527
Normal count:84805
!! Done
Utility to process github logs
Going to process projects/top_C++/rocksdb/all_log.txt 
---------- rocksdb ------------

<type 'unicode'>
<type 'unicode'>
<type 'unicode'>
<type 'unicode'>
<type 'unicode'>
<type 'unicode'>
<type 'unicode'>
<type 'unicode'>
<type 'unicode'>
<type 'unicode'>
<type 'unicode'>
<type 'unicode'>
<type 'unicode'>
<type 'unicode'>
<type 'unicode'>
<type 'unicode'>
<type 'unicode'>
<type 'unicode'>
<type 'unicode'>
<type 'unicode'>
<type 'unicode'>
2881
Mismatch count:7312
Normal count:27737
!! Done
Utility to process github logs
Going to process projects/top_C++/source-sdk-2013/all_log.txt 
---------- source-sdk-2013 ------------

<type 'unicode'>
<type 'unicode'>
<type 'unicode'>
<type 'unicode'>
<type 'unicode'>
<type 'unicode'>
<type 'unicode'>
<type 'unicode'>
24
Mismatch count:10062
Normal count:2426
!! Done
Utility to process github logs
Going to process projects/top_C++/subvim/all_log.txt 
---------- subvim ------------

8
Mismatch count:1998
Normal count:1702
!! Done
Utility to process github logs
Going to process projects/top_C++/tiled/all_log.txt 
---------- tiled ------------

<type 'unicode'>
<type 'unicode'>
<type 'unicode'>
<type 'unicode'>
<type 'unicode'>
<type 'unicode'>
<type 'unicode'>
<type 'unicode'>
<type 'unicode'>
<type 'unicode'>
<type 'unicode'>
<type 'unicode'>
<type 'unicode'>
<type 'unicode'>
<type 'unicode'>
<type 'unicode'>
<type 'unicode'>
<type 'unicode'>
<type 'unicode'>
<type 'unicode'>
<type 'unicode'>
<type 'unicode'>
<type 'unicode'>
<type 'unicode'>
<type 'unicode'>
<type 'unicode'>
<type 'unicode'>
<type 'unicode'>
<type 'unicode'>
<type 'unicode'>
<type 'unicode'>
<type 'unicode'>
<type 'unicode'>
<type 'unicode'>
<type 'unicode'>
<type 'unicode'>
<type 'unicode'>
<type 'unicode'>
<type 'unicode'>
<type 'unicode'>
<type 'unicode'>
<type 'unicode'>
<type 'unicode'>
<type 'unicode'>
<type 'unicode'>
<type 'unicode'>
<type 'unicode'>
<type 'unicode'>
<type 'unicode'>
<type 'unicode'>
<type 'unicode'>
<type 'unicode'>
<type 'unicode'>
<type 'unicode'>
<type 'unicode'>
<type 'unicode'>
<type 'unicode'>
<type 'unicode'>
<type 'unicode'>
<type 'unicode'>
<type 'unicode'>
<type 'unicode'>
<type 'unicode'>
<type 'unicode'>
<type 'unicode'>
<type 'unicode'>
<type 'unicode'>
<type 'unicode'>
<type 'unicode'>
<type 'unicode'>
<type 'unicode'>
<type 'unicode'>
<type 'unicode'>
<type 'unicode'>
<type 'unicode'>
<type 'unicode'>
<type 'unicode'>
<type 'unicode'>
<type 'unicode'>
<type 'unicode'>
<type 'unicode'>
<type 'unicode'>
<type 'unicode'>
<type 'unicode'>
<type 'unicode'>
<type 'unicode'>
<type 'unicode'>
<type 'unicode'>
<type 'unicode'>
<type 'unicode'>
<type 'unicode'>
<type 'unicode'>
<type 'unicode'>
<type 'unicode'>
<type 'unicode'>
<type 'unicode'>
<type 'unicode'>
<type 'unicode'>
<type 'unicode'>
<type 'unicode'>
<type 'unicode'>
<type 'unicode'>
<type 'unicode'>
<type 'unicode'>
<type 'unicode'>
<type 'unicode'>
<type 'unicode'>
<type 'unicode'>
<type 'unicode'>
<type 'unicode'>
<type 'unicode'>
<type 'unicode'>
<type 'unicode'>
<type 'unicode'>
<type 'unicode'>
<type 'unicode'>
<type 'unicode'>
<type 'unicode'>
<type 'unicode'>
<type 'unicode'>
<type 'unicode'>
<type 'unicode'>
<type 'unicode'>
<type 'unicode'>
<type 'unicode'>
<type 'unicode'>
<type 'unicode'>
<type 'unicode'>
<type 'unicode'>
<type 'unicode'>
<type 'unicode'>
<type 'unicode'>
<type 'unicode'>
<type 'unicode'>
<type 'unicode'>
<type 'unicode'>
<type 'unicode'>
<type 'unicode'>
<type 'unicode'>
<type 'unicode'>
<type 'unicode'>
<type 'unicode'>
<type 'unicode'>
<type 'unicode'>
<type 'unicode'>
<type 'unicode'>
<type 'unicode'>
<type 'unicode'>
<type 'unicode'>
<type 'unicode'>
<type 'unicode'>
<type 'unicode'>
<type 'unicode'>
<type 'unicode'>
<type 'unicode'>
<type 'unicode'>
<type 'unicode'>
<type 'unicode'>
<type 'unicode'>
<type 'unicode'>
<type 'unicode'>
<type 'unicode'>
<type 'unicode'>
<type 'unicode'>
<type 'unicode'>
<type 'unicode'>
<type 'unicode'>
<type 'unicode'>
<type 'unicode'>
<type 'unicode'>
<type 'unicode'>
<type 'unicode'>
<type 'unicode'>
<type 'unicode'>
<type 'unicode'>
<type 'unicode'>
<type 'unicode'>
<type 'unicode'>
<type 'unicode'>
<type 'unicode'>
<type 'unicode'>
<type 'unicode'>
<type 'unicode'>
<type 'unicode'>
<type 'unicode'>
<type 'unicode'>
<type 'unicode'>
<type 'unicode'>
<type 'unicode'>
<type 'unicode'>
<type 'unicode'>
<type 'unicode'>
<type 'unicode'>
<type 'unicode'>
<type 'unicode'>
<type 'unicode'>
<type 'unicode'>
<type 'unicode'>
<type 'unicode'>
<type 'unicode'>
<type 'unicode'>
<type 'unicode'>
<type 'unicode'>
<type 'unicode'>
<type 'unicode'>
<type 'unicode'>
<type 'unicode'>
<type 'unicode'>
<type 'unicode'>
<type 'unicode'>
<type 'unicode'>
<type 'unicode'>
<type 'unicode'>
<type 'unicode'>
<type 'unicode'>
<type 'unicode'>
<type 'unicode'>
<type 'unicode'>
<type 'unicode'>
<type 'unicode'>
<type 'unicode'>
<type 'unicode'>
<type 'unicode'>
<type 'unicode'>
<type 'unicode'>
<type 'unicode'>
<type 'unicode'>
<type 'unicode'>
<type 'unicode'>
<type 'unicode'>
<type 'unicode'>
<type 'unicode'>
<type 'unicode'>
<type 'unicode'>
<type 'unicode'>
<type 'unicode'>
<type 'unicode'>
<type 'unicode'>
<type 'unicode'>
<type 'unicode'>
<type 'unicode'>
<type 'unicode'>
<type 'unicode'>
<type 'unicode'>
<type 'unicode'>
<type 'unicode'>
<type 'unicode'>
<type 'unicode'>
<type 'unicode'>
<type 'unicode'>
<type 'unicode'>
<type 'unicode'>
<type 'unicode'>
<type 'unicode'>
<type 'unicode'>
<type 'unicode'>
<type 'unicode'>
<type 'unicode'>
<type 'unicode'>
<type 'unicode'>
<type 'unicode'>
<type 'unicode'>
<type 'unicode'>
<type 'unicode'>
<type 'unicode'>
<type 'unicode'>
<type 'unicode'>
<type 'unicode'>
<type 'unicode'>
<type 'unicode'>
<type 'unicode'>
<type 'unicode'>
<type 'unicode'>
<type 'unicode'>
<type 'unicode'>
<type 'unicode'>
<type 'unicode'>
<type 'unicode'>
<type 'unicode'>
<type 'unicode'>
<type 'unicode'>
<type 'unicode'>
<type 'unicode'>
<type 'unicode'>
<type 'unicode'>
<type 'unicode'>
<type 'unicode'>
<type 'unicode'>
<type 'unicode'>
<type 'unicode'>
<type 'unicode'>
<type 'unicode'>
<type 'unicode'>
<type 'unicode'>
<type 'unicode'>
<type 'unicode'>
<type 'unicode'>
<type 'unicode'>
<type 'unicode'>
<type 'unicode'>
<type 'unicode'>
<type 'unicode'>
<type 'unicode'>
<type 'unicode'>
<type 'unicode'>
<type 'unicode'>
<type 'unicode'>
<type 'unicode'>
<type 'unicode'>
<type 'unicode'>
<type 'unicode'>
<type 'unicode'>
<type 'unicode'>
<type 'unicode'>
<type 'unicode'>
<type 'unicode'>
<type 'unicode'>
<type 'unicode'>
<type 'unicode'>
<type 'unicode'>
<type 'unicode'>
<type 'unicode'>
<type 'unicode'>
<type 'unicode'>
<type 'unicode'>
<type 'unicode'>
<type 'unicode'>
<type 'unicode'>
<type 'unicode'>
<type 'unicode'>
<type 'unicode'>
<type 'unicode'>
<type 'unicode'>
<type 'unicode'>
<type 'unicode'>
<type 'unicode'>
<type 'unicode'>
<type 'unicode'>
<type 'unicode'>
<type 'unicode'>
<type 'unicode'>
<type 'unicode'>
<type 'unicode'>
<type 'unicode'>
<type 'unicode'>
<type 'unicode'>
<type 'unicode'>
<type 'unicode'>
<type 'unicode'>
<type 'unicode'>
<type 'unicode'>
<type 'unicode'>
<type 'unicode'>
<type 'unicode'>
<type 'unicode'>
<type 'unicode'>
<type 'unicode'>
<type 'unicode'>
<type 'unicode'>
<type 'unicode'>
<type 'unicode'>
<type 'unicode'>
<type 'unicode'>
<type 'unicode'>
<type 'unicode'>
<type 'unicode'>
<type 'unicode'>
<type 'unicode'>
<type 'unicode'>
<type 'unicode'>
<type 'unicode'>
<type 'unicode'>
<type 'unicode'>
<type 'unicode'>
<type 'unicode'>
<type 'unicode'>
<type 'unicode'>
<type 'unicode'>
<type 'unicode'>
<type 'unicode'>
<type 'unicode'>
<type 'unicode'>
<type 'unicode'>
<type 'unicode'>
<type 'unicode'>
<type 'unicode'>
<type 'unicode'>
<type 'unicode'>
<type 'unicode'>
<type 'unicode'>
<type 'unicode'>
<type 'unicode'>
<type 'unicode'>
<type 'unicode'>
<type 'unicode'>
<type 'unicode'>
<type 'unicode'>
<type 'unicode'>
<type 'unicode'>
<type 'unicode'>
<type 'unicode'>
<type 'unicode'>
<type 'unicode'>
<type 'unicode'>
<type 'unicode'>
<type 'unicode'>
<type 'unicode'>
<type 'unicode'>
<type 'unicode'>
<type 'unicode'>
<type 'unicode'>
<type 'unicode'>
<type 'unicode'>
<type 'unicode'>
<type 'unicode'>
<type 'unicode'>
<type 'unicode'>
<type 'unicode'>
<type 'unicode'>
<type 'unicode'>
<type 'unicode'>
<type 'unicode'>
<type 'unicode'>
<type 'unicode'>
<type 'unicode'>
<type 'unicode'>
<type 'unicode'>
<type 'unicode'>
<type 'unicode'>
<type 'unicode'>
<type 'unicode'>
<type 'unicode'>
<type 'unicode'>
<type 'unicode'>
<type 'unicode'>
<type 'unicode'>
<type 'unicode'>
<type 'unicode'>
<type 'unicode'>
<type 'unicode'>
<type 'unicode'>
<type 'unicode'>
<type 'unicode'>
<type 'unicode'>
<type 'unicode'>
<type 'unicode'>
<type 'unicode'>
<type 'unicode'>
<type 'unicode'>
<type 'unicode'>
<type 'unicode'>
<type 'unicode'>
<type 'unicode'>
<type 'unicode'>
<type 'unicode'>
<type 'unicode'>
<type 'unicode'>
<type 'unicode'>
<type 'unicode'>
<type 'unicode'>
<type 'unicode'>
<type 'unicode'>
<type 'unicode'>
<type 'unicode'>
<type 'unicode'>
<type 'unicode'>
<type 'unicode'>
<type 'unicode'>
<type 'unicode'>
<type 'unicode'>
<type 'unicode'>
<type 'unicode'>
<type 'unicode'>
<type 'unicode'>
<type 'unicode'>
<type 'unicode'>
<type 'unicode'>
<type 'unicode'>
<type 'unicode'>
<type 'unicode'>
<type 'unicode'>
<type 'unicode'>
<type 'unicode'>
<type 'unicode'>
<type 'unicode'>
<type 'unicode'>
<type 'unicode'>
<type 'unicode'>
<type 'unicode'>
<type 'unicode'>
<type 'unicode'>
<type 'unicode'>
<type 'unicode'>
<type 'unicode'>
<type 'unicode'>
<type 'unicode'>
<type 'unicode'>
<type 'unicode'>
<type 'unicode'>
<type 'unicode'>
<type 'unicode'>
<type 'unicode'>
<type 'unicode'>
<type 'unicode'>
<type 'unicode'>
<type 'unicode'>
<type 'unicode'>
<type 'unicode'>
<type 'unicode'>
<type 'unicode'>
<type 'unicode'>
<type 'unicode'>
<type 'unicode'>
<type 'unicode'>
<type 'unicode'>
<type 'unicode'>
<type 'unicode'>
<type 'unicode'>
<type 'unicode'>
<type 'unicode'>
<type 'unicode'>
<type 'unicode'>
<type 'unicode'>
<type 'unicode'>
<type 'unicode'>
<type 'unicode'>
<type 'unicode'>
<type 'unicode'>
<type 'unicode'>
<type 'unicode'>
<type 'unicode'>
<type 'unicode'>
<type 'unicode'>
<type 'unicode'>
<type 'unicode'>
<type 'unicode'>
<type 'unicode'>
<type 'unicode'>
<type 'unicode'>
<type 'unicode'>
<type 'unicode'>
<type 'unicode'>
<type 'unicode'>
<type 'unicode'>
<type 'unicode'>
<type 'unicode'>
<type 'unicode'>
<type 'unicode'>
<type 'unicode'>
<type 'unicode'>
<type 'unicode'>
<type 'unicode'>
<type 'unicode'>
<type 'unicode'>
<type 'unicode'>
<type 'unicode'>
<type 'unicode'>
<type 'unicode'>
<type 'unicode'>
<type 'unicode'>
<type 'unicode'>
<type 'unicode'>
<type 'unicode'>
<type 'unicode'>
<type 'unicode'>
<type 'unicode'>
<type 'unicode'>
<type 'unicode'>
<type 'unicode'>
<type 'unicode'>
<type 'unicode'>
<type 'unicode'>
<type 'unicode'>
<type 'unicode'>
<type 'unicode'>
<type 'unicode'>
<type 'unicode'>
<type 'unicode'>
<type 'unicode'>
<type 'unicode'>
<type 'unicode'>
<type 'unicode'>
<type 'unicode'>
<type 'unicode'>
<type 'unicode'>
<type 'unicode'>
<type 'unicode'>
<type 'unicode'>
<type 'unicode'>
<type 'unicode'>
<type 'unicode'>
<type 'unicode'>
<type 'unicode'>
<type 'unicode'>
<type 'unicode'>
<type 'unicode'>
<type 'unicode'>
<type 'unicode'>
<type 'unicode'>
<type 'unicode'>
<type 'unicode'>
<type 'unicode'>
<type 'unicode'>
<type 'unicode'>
<type 'unicode'>
<type 'unicode'>
<type 'unicode'>
<type 'unicode'>
<type 'unicode'>
<type 'unicode'>
<type 'unicode'>
<type 'unicode'>
<type 'unicode'>
<type 'unicode'>
<type 'unicode'>
<type 'unicode'>
<type 'unicode'>
<type 'unicode'>
<type 'unicode'>
<type 'unicode'>
<type 'unicode'>
<type 'unicode'>
<type 'unicode'>
<type 'unicode'>
<type 'unicode'>
<type 'unicode'>
<type 'unicode'>
<type 'unicode'>
<type 'unicode'>
<type 'unicode'>
<type 'unicode'>
<type 'unicode'>
<type 'unicode'>
<type 'unicode'>
<type 'unicode'>
<type 'unicode'>
<type 'unicode'>
<type 'unicode'>
<type 'unicode'>
<type 'unicode'>
<type 'unicode'>
<type 'unicode'>
<type 'unicode'>
<type 'unicode'>
<type 'unicode'>
<type 'unicode'>
<type 'unicode'>
<type 'unicode'>
<type 'unicode'>
<type 'unicode'>
<type 'unicode'>
<type 'unicode'>
<type 'unicode'>
<type 'unicode'>
<type 'unicode'>
<type 'unicode'>
<type 'unicode'>
<type 'unicode'>
<type 'unicode'>
<type 'unicode'>
<type 'unicode'>
<type 'unicode'>
<type 'unicode'>
<type 'unicode'>
<type 'unicode'>
<type 'unicode'>
<type 'unicode'>
<type 'unicode'>
<type 'unicode'>
<type 'unicode'>
<type 'unicode'>
<type 'unicode'>
<type 'unicode'>
<type 'unicode'>
<type 'unicode'>
<type 'unicode'>
<type 'unicode'>
<type 'unicode'>
<type 'unicode'>
<type 'unicode'>
<type 'unicode'>
<type 'unicode'>
<type 'unicode'>
<type 'unicode'>
<type 'unicode'>
<type 'unicode'>
<type 'unicode'>
<type 'unicode'>
<type 'unicode'>
<type 'unicode'>
<type 'unicode'>
<type 'unicode'>
<type 'unicode'>
<type 'unicode'>
<type 'unicode'>
<type 'unicode'>
<type 'unicode'>
<type 'unicode'>
<type 'unicode'>
<type 'unicode'>
<type 'unicode'>
<type 'unicode'>
<type 'unicode'>
<type 'unicode'>
<type 'unicode'>
<type 'unicode'>
<type 'unicode'>
<type 'unicode'>
<type 'unicode'>
<type 'unicode'>
<type 'unicode'>
<type 'unicode'>
<type 'unicode'>
<type 'unicode'>
<type 'unicode'>
<type 'unicode'>
<type 'unicode'>
<type 'unicode'>
<type 'unicode'>
<type 'unicode'>
<type 'unicode'>
<type 'unicode'>
<type 'unicode'>
<type 'unicode'>
<type 'unicode'>
<type 'unicode'>
<type 'unicode'>
<type 'unicode'>
<type 'unicode'>
<type 'unicode'>
<type 'unicode'>
<type 'unicode'>
<type 'unicode'>
<type 'unicode'>
<type 'unicode'>
<type 'unicode'>
<type 'unicode'>
<type 'unicode'>
<type 'unicode'>
<type 'unicode'>
<type 'unicode'>
<type 'unicode'>
<type 'unicode'>
<type 'unicode'>
<type 'unicode'>
<type 'unicode'>
<type 'unicode'>
<type 'unicode'>
<type 'unicode'>
<type 'unicode'>
<type 'unicode'>
<type 'unicode'>
<type 'unicode'>
<type 'unicode'>
<type 'unicode'>
<type 'unicode'>
<type 'unicode'>
<type 'unicode'>
<type 'unicode'>
<type 'unicode'>
<type 'unicode'>
<type 'unicode'>
<type 'unicode'>
<type 'unicode'>
<type 'unicode'>
<type 'unicode'>
<type 'unicode'>
<type 'unicode'>
<type 'unicode'>
<type 'unicode'>
<type 'unicode'>
<type 'unicode'>
<type 'unicode'>
<type 'unicode'>
<type 'unicode'>
<type 'unicode'>
<type 'unicode'>
<type 'unicode'>
<type 'unicode'>
<type 'unicode'>
<type 'unicode'>
<type 'unicode'>
<type 'unicode'>
<type 'unicode'>
<type 'unicode'>
<type 'unicode'>
<type 'unicode'>
<type 'unicode'>
<type 'unicode'>
<type 'unicode'>
<type 'unicode'>
<type 'unicode'>
<type 'unicode'>
<type 'unicode'>
<type 'unicode'>
<type 'unicode'>
<type 'unicode'>
<type 'unicode'>
<type 'unicode'>
<type 'unicode'>
<type 'unicode'>
<type 'unicode'>
<type 'unicode'>
<type 'unicode'>
<type 'unicode'>
<type 'unicode'>
<type 'unicode'>
<type 'unicode'>
<type 'unicode'>
<type 'unicode'>
<type 'unicode'>
<type 'unicode'>
<type 'unicode'>
<type 'unicode'>
<type 'unicode'>
<type 'unicode'>
<type 'unicode'>
<type 'unicode'>
<type 'unicode'>
<type 'unicode'>
<type 'unicode'>
<type 'unicode'>
<type 'unicode'>
<type 'unicode'>
<type 'unicode'>
<type 'unicode'>
<type 'unicode'>
<type 'unicode'>
<type 'unicode'>
<type 'unicode'>
<type 'unicode'>
<type 'unicode'>
<type 'unicode'>
<type 'unicode'>
<type 'unicode'>
<type 'unicode'>
<type 'unicode'>
<type 'unicode'>
<type 'unicode'>
<type 'unicode'>
<type 'unicode'>
<type 'unicode'>
<type 'unicode'>
<type 'unicode'>
<type 'unicode'>
<type 'unicode'>
<type 'unicode'>
<type 'unicode'>
<type 'unicode'>
<type 'unicode'>
<type 'unicode'>
<type 'unicode'>
<type 'unicode'>
<type 'unicode'>
<type 'unicode'>
<type 'unicode'>
<type 'unicode'>
<type 'unicode'>
<type 'unicode'>
<type 'unicode'>
<type 'unicode'>
<type 'unicode'>
<type 'unicode'>
<type 'unicode'>
<type 'unicode'>
<type 'unicode'>
<type 'unicode'>
<type 'unicode'>
<type 'unicode'>
<type 'unicode'>
<type 'unicode'>
<type 'unicode'>
<type 'unicode'>
<type 'unicode'>
<type 'unicode'>
<type 'unicode'>
<type 'unicode'>
<type 'unicode'>
<type 'unicode'>
<type 'unicode'>
<type 'unicode'>
<type 'unicode'>
<type 'unicode'>
<type 'unicode'>
<type 'unicode'>
<type 'unicode'>
<type 'unicode'>
<type 'unicode'>
<type 'unicode'>
<type 'unicode'>
<type 'unicode'>
<type 'unicode'>
<type 'unicode'>
<type 'unicode'>
<type 'unicode'>
<type 'unicode'>
<type 'unicode'>
<type 'unicode'>
<type 'unicode'>
<type 'unicode'>
<type 'unicode'>
<type 'unicode'>
<type 'unicode'>
<type 'unicode'>
<type 'unicode'>
<type 'unicode'>
<type 'unicode'>
<type 'unicode'>
<type 'unicode'>
<type 'unicode'>
<type 'unicode'>
<type 'unicode'>
<type 'unicode'>
<type 'unicode'>
<type 'unicode'>
<type 'unicode'>
<type 'unicode'>
<type 'unicode'>
<type 'unicode'>
<type 'unicode'>
<type 'unicode'>
<type 'unicode'>
<type 'unicode'>
<type 'unicode'>
<type 'unicode'>
<type 'unicode'>
<type 'unicode'>
<type 'unicode'>
<type 'unicode'>
<type 'unicode'>
<type 'unicode'>
<type 'unicode'>
<type 'unicode'>
<type 'unicode'>
<type 'unicode'>
<type 'unicode'>
<type 'unicode'>
<type 'unicode'>
<type 'unicode'>
<type 'unicode'>
<type 'unicode'>
<type 'unicode'>
<type 'unicode'>
<type 'unicode'>
<type 'unicode'>
<type 'unicode'>
<type 'unicode'>
<type 'unicode'>
<type 'unicode'>
<type 'unicode'>
<type 'unicode'>
<type 'unicode'>
<type 'unicode'>
<type 'unicode'>
<type 'unicode'>
<type 'unicode'>
<type 'unicode'>
<type 'unicode'>
<type 'unicode'>
<type 'unicode'>
<type 'unicode'>
<type 'unicode'>
<type 'unicode'>
<type 'unicode'>
<type 'unicode'>
<type 'unicode'>
<type 'unicode'>
<type 'unicode'>
<type 'unicode'>
<type 'unicode'>
<type 'unicode'>
<type 'unicode'>
<type 'unicode'>
<type 'unicode'>
<type 'unicode'>
<type 'unicode'>
<type 'unicode'>
<type 'unicode'>
<type 'unicode'>
<type 'unicode'>
<type 'unicode'>
<type 'unicode'>
<type 'unicode'>
<type 'unicode'>
<type 'unicode'>
<type 'unicode'>
<type 'unicode'>
<type 'unicode'>
<type 'unicode'>
<type 'unicode'>
<type 'unicode'>
<type 'unicode'>
<type 'unicode'>
<type 'unicode'>
<type 'unicode'>
<type 'unicode'>
<type 'unicode'>
<type 'unicode'>
<type 'unicode'>
<type 'unicode'>
<type 'unicode'>
<type 'unicode'>
<type 'unicode'>
<type 'unicode'>
<type 'unicode'>
<type 'unicode'>
<type 'unicode'>
<type 'unicode'>
<type 'unicode'>
<type 'unicode'>
<type 'unicode'>
<type 'unicode'>
<type 'unicode'>
<type 'unicode'>
<type 'unicode'>
<type 'unicode'>
<type 'unicode'>
<type 'unicode'>
<type 'unicode'>
<type 'unicode'>
<type 'unicode'>
<type 'unicode'>
<type 'unicode'>
<type 'unicode'>
<type 'unicode'>
<type 'unicode'>
<type 'unicode'>
<type 'unicode'>
<type 'unicode'>
<type 'unicode'>
<type 'unicode'>
1363
Mismatch count:2546
Normal count:9043
!! Done
Utility to process github logs
Going to process projects/top_C++/Torque3D/all_log.txt 
---------- Torque3D ------------

<type 'unicode'>
<type 'unicode'>
<type 'unicode'>
<type 'unicode'>
1016
Mismatch count:4608
Normal count:14882
!! Done
Utility to process github logs
Going to process projects/top_C++/TrinityCore/all_log.txt 
---------- TrinityCore ------------

<type 'unicode'>
<type 'unicode'>
<type 'unicode'>
<type 'unicode'>
<type 'unicode'>
<type 'unicode'>
<type 'unicode'>
<type 'unicode'>
<type 'unicode'>
<type 'unicode'>
<type 'unicode'>
<type 'unicode'>
<type 'unicode'>
<type 'unicode'>
<type 'unicode'>
<type 'unicode'>
<type 'unicode'>
<type 'unicode'>
<type 'unicode'>
<type 'unicode'>
<type 'unicode'>
<type 'unicode'>
<type 'unicode'>
<type 'unicode'>
<type 'unicode'>
<type 'unicode'>
<type 'unicode'>
<type 'unicode'>
<type 'unicode'>
<type 'unicode'>
<type 'unicode'>
<type 'unicode'>
<type 'unicode'>
<type 'unicode'>
<type 'unicode'>
<type 'unicode'>
<type 'unicode'>
<type 'unicode'>
<type 'unicode'>
<type 'unicode'>
<type 'unicode'>
<type 'unicode'>
<type 'unicode'>
<type 'unicode'>
<type 'unicode'>
<type 'unicode'>
<type 'unicode'>
<type 'unicode'>
<type 'unicode'>
<type 'unicode'>
<type 'unicode'>
<type 'unicode'>
<type 'unicode'>
<type 'unicode'>
<type 'unicode'>
<type 'unicode'>
<type 'unicode'>
<type 'unicode'>
<type 'unicode'>
<type 'unicode'>
<type 'unicode'>
<type 'unicode'>
<type 'unicode'>
<type 'unicode'>
<type 'unicode'>
<type 'unicode'>
<type 'unicode'>
<type 'unicode'>
<type 'unicode'>
<type 'unicode'>
<type 'unicode'>
<type 'unicode'>
<type 'unicode'>
<type 'unicode'>
<type 'unicode'>
<type 'unicode'>
<type 'unicode'>
<type 'unicode'>
<type 'unicode'>
<type 'unicode'>
<type 'unicode'>
<type 'unicode'>
<type 'unicode'>
<type 'unicode'>
<type 'unicode'>
16673
Mismatch count:54566
Normal count:395178
!! Done
Utility to process github logs
Going to process projects/top_C++/vowpal_wabbit/all_log.txt 
---------- vowpal_wabbit ------------

<type 'unicode'>
<type 'unicode'>
3148
Mismatch count:5064
Normal count:24701
!! Done
========== nohup  python ghProc.py projects/top_C++/openh264 >> cpp.out 2>> cpp.err ============
Utility to process github logs
Going to process projects/top_C++/openh264/all_log.txt 
---------- openh264 ------------

<type 'unicode'>
<type 'unicode'>
<type 'unicode'>
<type 'unicode'>
<type 'unicode'>
<type 'unicode'>
<type 'unicode'>
<type 'unicode'>
<type 'unicode'>
<type 'unicode'>
<type 'unicode'>
<type 'unicode'>
<type 'unicode'>
<type 'unicode'>
<type 'unicode'>
<type 'unicode'>
<type 'unicode'>
<type 'unicode'>
<type 'unicode'>
<type 'unicode'>
<type 'unicode'>
<type 'unicode'>
<type 'unicode'>
<type 'unicode'>
<type 'unicode'>
<type 'unicode'>
<type 'unicode'>
<type 'unicode'>
<type 'unicode'>
<type 'unicode'>
<type 'unicode'>
<type 'unicode'>
<type 'unicode'>
<type 'unicode'>
<type 'unicode'>
<type 'unicode'>
<type 'unicode'>
<type 'unicode'>
<type 'unicode'>
<type 'unicode'>
<type 'unicode'>
<type 'unicode'>
<type 'unicode'>
<type 'unicode'>
<type 'unicode'>
<type 'unicode'>
<type 'unicode'>
<type 'unicode'>
<type 'unicode'>
<type 'unicode'>
<type 'unicode'>
<type 'unicode'>
<type 'unicode'>
<type 'unicode'>
<type 'unicode'>
<type 'unicode'>
<type 'unicode'>
<type 'unicode'>
<type 'unicode'>
<type 'unicode'>
<type 'unicode'>
<type 'unicode'>
<type 'unicode'>
<type 'unicode'>
<type 'unicode'>
<type 'unicode'>
<type 'unicode'>
<type 'unicode'>
<type 'unicode'>
<type 'unicode'>
<type 'unicode'>
<type 'unicode'>
<type 'unicode'>
<type 'unicode'>
<type 'unicode'>
<type 'unicode'>
<type 'unicode'>
<type 'unicode'>
<type 'unicode'>
<type 'unicode'>
<type 'unicode'>
<type 'unicode'>
<type 'unicode'>
<type 'unicode'>
<type 'unicode'>
<type 'unicode'>
<type 'unicode'>
<type 'unicode'>
<type 'unicode'>
<type 'unicode'>
<type 'unicode'>
<type 'unicode'>
<type 'unicode'>
<type 'unicode'>
<type 'unicode'>
<type 'unicode'>
<type 'unicode'>
<type 'unicode'>
<type 'unicode'>
<type 'unicode'>
<type 'unicode'>
<type 'unicode'>
<type 'unicode'>
<type 'unicode'>
<type 'unicode'>
<type 'unicode'>
<type 'unicode'>
<type 'unicode'>
<type 'unicode'>
<type 'unicode'>
<type 'unicode'>
<type 'unicode'>
<type 'unicode'>
<type 'unicode'>
<type 'unicode'>
<type 'unicode'>
<type 'unicode'>
<type 'unicode'>
<type 'unicode'>
<type 'unicode'>
<type 'unicode'>
<type 'unicode'>
<type 'unicode'>
<type 'unicode'>
<type 'unicode'>
<type 'unicode'>
<type 'unicode'>
<type 'unicode'>
<type 'unicode'>
<type 'unicode'>
<type 'unicode'>
<type 'unicode'>
<type 'unicode'>
<type 'unicode'>
<type 'unicode'>
<type 'unicode'>
<type 'unicode'>
<type 'unicode'>
<type 'unicode'>
<type 'unicode'>
<type 'unicode'>
<type 'unicode'>
<type 'unicode'>
<type 'unicode'>
<type 'unicode'>
<type 'unicode'>
<type 'unicode'>
<type 'unicode'>
<type 'unicode'>
<type 'unicode'>
<type 'unicode'>
<type 'unicode'>
<type 'unicode'>
<type 'unicode'>
<type 'unicode'>
<type 'unicode'>
<type 'unicode'>
<type 'unicode'>
<type 'unicode'>
<type 'unicode'>
<type 'unicode'>
<type 'unicode'>
<type 'unicode'>
<type 'unicode'>
<type 'unicode'>
<type 'unicode'>
<type 'unicode'>
<type 'unicode'>
<type 'unicode'>
<type 'unicode'>
<type 'unicode'>
<type 'unicode'>
<type 'unicode'>
<type 'unicode'>
<type 'unicode'>
<type 'unicode'>
<type 'unicode'>
<type 'unicode'>
<type 'unicode'>
<type 'unicode'>
<type 'unicode'>
<type 'unicode'>
<type 'unicode'>
<type 'unicode'>
<type 'unicode'>
<type 'unicode'>
<type 'unicode'>
<type 'unicode'>
<type 'unicode'>
<type 'unicode'>
<type 'unicode'>
<type 'unicode'>
<type 'unicode'>
<type 'unicode'>
<type 'unicode'>
<type 'unicode'>
<type 'unicode'>
<type 'unicode'>
<type 'unicode'>
<type 'unicode'>
<type 'unicode'>
<type 'unicode'>
<type 'unicode'>
<type 'unicode'>
<type 'unicode'>
<type 'unicode'>
<type 'unicode'>
<type 'unicode'>
<type 'unicode'>
<type 'unicode'>
<type 'unicode'>
<type 'unicode'>
<type 'unicode'>
<type 'unicode'>
<type 'unicode'>
<type 'unicode'>
<type 'unicode'>
<type 'unicode'>
<type 'unicode'>
<type 'unicode'>
<type 'unicode'>
<type 'unicode'>
<type 'unicode'>
<type 'unicode'>
<type 'unicode'>
<type 'unicode'>
<type 'unicode'>
<type 'unicode'>
<type 'unicode'>
<type 'unicode'>
<type 'unicode'>
<type 'unicode'>
<type 'unicode'>
<type 'unicode'>
<type 'unicode'>
<type 'unicode'>
<type 'unicode'>
<type 'unicode'>
<type 'unicode'>
<type 'unicode'>
<type 'unicode'>
<type 'unicode'>
<type 'unicode'>
<type 'unicode'>
<type 'unicode'>
<type 'unicode'>
<type 'unicode'>
<type 'unicode'>
<type 'unicode'>
<type 'unicode'>
<type 'unicode'>
<type 'unicode'>
<type 'unicode'>
<type 'unicode'>
<type 'unicode'>
<type 'unicode'>
<type 'unicode'>
<type 'unicode'>
<type 'unicode'>
<type 'unicode'>
<type 'unicode'>
<type 'unicode'>
<type 'unicode'>
<type 'unicode'>
<type 'unicode'>
<type 'unicode'>
<type 'unicode'>
<type 'unicode'>
<type 'unicode'>
<type 'unicode'>
<type 'unicode'>
<type 'unicode'>
<type 'unicode'>
<type 'unicode'>
<type 'unicode'>
<type 'unicode'>
<type 'unicode'>
<type 'unicode'>
<type 'unicode'>
<type 'unicode'>
<type 'unicode'>
<type 'unicode'>
<type 'unicode'>
<type 'unicode'>
<type 'unicode'>
<type 'unicode'>
<type 'unicode'>
<type 'unicode'>
<type 'unicode'>
<type 'unicode'>
<type 'unicode'>
<type 'unicode'>
<type 'unicode'>
<type 'unicode'>
<type 'unicode'>
<type 'unicode'>
<type 'unicode'>
<type 'unicode'>
<type 'unicode'>
<type 'unicode'>
<type 'unicode'>
<type 'unicode'>
<type 'unicode'>
<type 'unicode'>
<type 'unicode'>
<type 'unicode'>
<type 'unicode'>
<type 'unicode'>
<type 'unicode'>
<type 'unicode'>
<type 'unicode'>
<type 'unicode'>
<type 'unicode'>
<type 'unicode'>
<type 'unicode'>
<type 'unicode'>
<type 'unicode'>
<type 'unicode'>
<type 'unicode'>
<type 'unicode'>
<type 'unicode'>
<type 'unicode'>
<type 'unicode'>
<type 'unicode'>
<type 'unicode'>
<type 'unicode'>
<type 'unicode'>
<type 'unicode'>
<type 'unicode'>
<type 'unicode'>
<type 'unicode'>
<type 'unicode'>
<type 'unicode'>
<type 'unicode'>
<type 'unicode'>
<type 'unicode'>
<type 'unicode'>
<type 'unicode'>
<type 'unicode'>
<type 'unicode'>
<type 'unicode'>
<type 'unicode'>
<type 'unicode'>
<type 'unicode'>
<type 'unicode'>
<type 'unicode'>
<type 'unicode'>
<type 'unicode'>
<type 'unicode'>
<type 'unicode'>
<type 'unicode'>
<type 'unicode'>
<type 'unicode'>
<type 'unicode'>
<type 'unicode'>
<type 'unicode'>
<type 'unicode'>
<type 'unicode'>
<type 'unicode'>
<type 'unicode'>
<type 'unicode'>
<type 'unicode'>
<type 'unicode'>
<type 'unicode'>
<type 'unicode'>
<type 'unicode'>
<type 'unicode'>
<type 'unicode'>
<type 'unicode'>
<type 'unicode'>
<type 'unicode'>
<type 'unicode'>
<type 'unicode'>
<type 'unicode'>
<type 'unicode'>
<type 'unicode'>
<type 'unicode'>
<type 'unicode'>
<type 'unicode'>
<type 'unicode'>
<type 'unicode'>
<type 'unicode'>
<type 'unicode'>
<type 'unicode'>
<type 'unicode'>
<type 'unicode'>
<type 'unicode'>
<type 'unicode'>
<type 'unicode'>
<type 'unicode'>
<type 'unicode'>
<type 'unicode'>
<type 'unicode'>
<type 'unicode'>
<type 'unicode'>
<type 'unicode'>
<type 'unicode'>
<type 'unicode'>
<type 'unicode'>
<type 'unicode'>
<type 'unicode'>
<type 'unicode'>
<type 'unicode'>
<type 'unicode'>
<type 'unicode'>
<type 'unicode'>
<type 'unicode'>
<type 'unicode'>
<type 'unicode'>
<type 'unicode'>
<type 'unicode'>
<type 'unicode'>
<type 'unicode'>
<type 'unicode'>
<type 'unicode'>
<type 'unicode'>
<type 'unicode'>
<type 'unicode'>
<type 'unicode'>
<type 'unicode'>
<type 'unicode'>
<type 'unicode'>
<type 'unicode'>
<type 'unicode'>
<type 'unicode'>
<type 'unicode'>
<type 'unicode'>
<type 'unicode'>
<type 'unicode'>
<type 'unicode'>
<type 'unicode'>
<type 'unicode'>
<type 'unicode'>
<type 'unicode'>
<type 'unicode'>
<type 'unicode'>
<type 'unicode'>
<type 'unicode'>
<type 'unicode'>
<type 'unicode'>
<type 'unicode'>
<type 'unicode'>
<type 'unicode'>
<type 'unicode'>
<type 'unicode'>
<type 'unicode'>
<type 'unicode'>
<type 'unicode'>
<type 'unicode'>
<type 'unicode'>
<type 'unicode'>
<type 'unicode'>
<type 'unicode'>
<type 'unicode'>
<type 'unicode'>
<type 'unicode'>
<type 'unicode'>
<type 'unicode'>
<type 'unicode'>
<type 'unicode'>
<type 'unicode'>
<type 'unicode'>
<type 'unicode'>
<type 'unicode'>
<type 'unicode'>
<type 'unicode'>
<type 'unicode'>
<type 'unicode'>
<type 'unicode'>
<type 'unicode'>
<type 'unicode'>
<type 'unicode'>
<type 'unicode'>
<type 'unicode'>
<type 'unicode'>
<type 'unicode'>
<type 'unicode'>
<type 'unicode'>
<type 'unicode'>
<type 'unicode'>
<type 'unicode'>
<type 'unicode'>
<type 'unicode'>
<type 'unicode'>
<type 'unicode'>
<type 'unicode'>
<type 'unicode'>
<type 'unicode'>
<type 'unicode'>
<type 'unicode'>
<type 'unicode'>
<type 'unicode'>
<type 'unicode'>
<type 'unicode'>
<type 'unicode'>
<type 'unicode'>
<type 'unicode'>
<type 'unicode'>
<type 'unicode'>
<type 'unicode'>
<type 'unicode'>
<type 'unicode'>
<type 'unicode'>
<type 'unicode'>
<type 'unicode'>
<type 'unicode'>
<type 'unicode'>
<type 'unicode'>
<type 'unicode'>
<type 'unicode'>
<type 'unicode'>
<type 'unicode'>
<type 'unicode'>
<type 'unicode'>
<type 'unicode'>
<type 'unicode'>
<type 'unicode'>
<type 'unicode'>
<type 'unicode'>
<type 'unicode'>
<type 'unicode'>
<type 'unicode'>
<type 'unicode'>
<type 'unicode'>
<type 'unicode'>
<type 'unicode'>
<type 'unicode'>
<type 'unicode'>
<type 'unicode'>
<type 'unicode'>
<type 'unicode'>
<type 'unicode'>
<type 'unicode'>
<type 'unicode'>
<type 'unicode'>
<type 'unicode'>
<type 'unicode'>
<type 'unicode'>
<type 'unicode'>
<type 'unicode'>
<type 'unicode'>
<type 'unicode'>
<type 'unicode'>
<type 'unicode'>
<type 'unicode'>
<type 'unicode'>
<type 'unicode'>
<type 'unicode'>
<type 'unicode'>
<type 'unicode'>
<type 'unicode'>
<type 'unicode'>
<type 'unicode'>
<type 'unicode'>
<type 'unicode'>
<type 'unicode'>
<type 'unicode'>
<type 'unicode'>
<type 'unicode'>
<type 'unicode'>
<type 'unicode'>
<type 'unicode'>
<type 'unicode'>
<type 'unicode'>
<type 'unicode'>
<type 'unicode'>
<type 'unicode'>
<type 'unicode'>
<type 'unicode'>
2201
Mismatch count:2591
Normal count:13375
!! Done
========== nohup  python ghProc.py projects/top_C++/v8 >> cpp.out 2>> cpp.err ============
Utility to process github logs
Going to process projects/top_C++/v8/all_log.txt 
---------- v8 ------------

<type 'unicode'>
<type 'unicode'>
<type 'unicode'>
<type 'unicode'>
<type 'unicode'>
<type 'unicode'>
<type 'unicode'>
<type 'unicode'>
<type 'unicode'>
<type 'unicode'>
<type 'unicode'>
<type 'unicode'>
<type 'unicode'>
<type 'unicode'>
<type 'unicode'>
<type 'unicode'>
<type 'unicode'>
<type 'unicode'>
<type 'unicode'>
<type 'unicode'>
<type 'unicode'>
<type 'unicode'>
<type 'unicode'>
<type 'unicode'>
<type 'unicode'>
<type 'unicode'>
<type 'unicode'>
<type 'unicode'>
<type 'unicode'>
<type 'unicode'>
<type 'unicode'>
<type 'unicode'>
<type 'unicode'>
<type 'unicode'>
<type 'unicode'>
<type 'unicode'>
<type 'unicode'>
<type 'unicode'>
<type 'unicode'>
<type 'unicode'>
<type 'unicode'>
<type 'unicode'>
<type 'unicode'>
<type 'unicode'>
<type 'unicode'>
<type 'unicode'>
<type 'unicode'>
<type 'unicode'>
<type 'unicode'>
<type 'unicode'>
<type 'unicode'>
<type 'unicode'>
<type 'unicode'>
<type 'unicode'>
<type 'unicode'>
<type 'unicode'>
<type 'unicode'>
17080
Mismatch count:80586
Normal count:276018
!! Done
========== nohup  python ghProc.py projects/top_C++/mysql >> cpp.out 2>> cpp.err ============
Utility to process github logs
Going to process projects/top_C++/mysql/all_log.txt 
---------- mysql ------------

<type 'unicode'>
<type 'unicode'>
<type 'unicode'>
<type 'unicode'>
<type 'unicode'>
<type 'unicode'>
<type 'unicode'>
<type 'unicode'>
<type 'unicode'>
<type 'unicode'>
<type 'unicode'>
<type 'unicode'>
<type 'unicode'>
<type 'unicode'>
<type 'unicode'>
<type 'unicode'>
<type 'unicode'>
<type 'unicode'>
<type 'unicode'>
<type 'unicode'>
<type 'unicode'>
<type 'unicode'>
<type 'unicode'>
<type 'unicode'>
<type 'unicode'>
<type 'unicode'>
<type 'unicode'>
<type 'unicode'>
<type 'unicode'>
<type 'unicode'>
<type 'unicode'>
<type 'unicode'>
<type 'unicode'>
<type 'unicode'>
<type 'unicode'>
<type 'unicode'>
<type 'unicode'>
<type 'unicode'>
<type 'unicode'>
<type 'unicode'>
<type 'unicode'>
<type 'unicode'>
<type 'unicode'>
<type 'unicode'>
<type 'unicode'>
<type 'unicode'>
<type 'unicode'>
<type 'unicode'>
<type 'unicode'>
<type 'unicode'>
<type 'unicode'>
<type 'unicode'>
<type 'unicode'>
<type 'unicode'>
<type 'unicode'>
<type 'unicode'>
<type 'unicode'>
<type 'unicode'>
<type 'unicode'>
<type 'unicode'>
<type 'unicode'>
<type 'unicode'>
<type 'unicode'>
<type 'unicode'>
<type 'unicode'>
<type 'unicode'>
<type 'unicode'>
<type 'unicode'>
<type 'unicode'>
<type 'unicode'>
<type 'unicode'>
<type 'unicode'>
<type 'unicode'>
<type 'unicode'>
<type 'unicode'>
<type 'unicode'>
<type 'unicode'>
<type 'unicode'>
<type 'unicode'>
<type 'unicode'>
<type 'unicode'>
<type 'unicode'>
<type 'unicode'>
<type 'unicode'>
<type 'unicode'>
<type 'unicode'>
<type 'unicode'>
<type 'unicode'>
<type 'unicode'>
<type 'unicode'>
<type 'unicode'>
<type 'unicode'>
<type 'unicode'>
<type 'unicode'>
<type 'unicode'>
<type 'unicode'>
<type 'unicode'>
<type 'unicode'>
<type 'unicode'>
<type 'unicode'>
<type 'unicode'>
<type 'unicode'>
<type 'unicode'>
<type 'unicode'>
<type 'unicode'>
<type 'unicode'>
<type 'unicode'>
<type 'unicode'>
<type 'unicode'>
<type 'unicode'>
<type 'unicode'>
<type 'unicode'>
<type 'unicode'>
<type 'unicode'>
<type 'unicode'>
<type 'unicode'>
<type 'unicode'>
<type 'unicode'>
<type 'unicode'>
<type 'unicode'>
<type 'unicode'>
<type 'unicode'>
<type 'unicode'>
<type 'unicode'>
<type 'unicode'>
<type 'unicode'>
<type 'unicode'>
<type 'unicode'>
<type 'unicode'>
<type 'unicode'>
<type 'unicode'>
<type 'unicode'>
<type 'unicode'>
<type 'unicode'>
<type 'unicode'>
<type 'unicode'>
<type 'unicode'>
<type 'unicode'>
<type 'unicode'>
<type 'unicode'>
<type 'unicode'>
<type 'unicode'>
<type 'unicode'>
<type 'unicode'>
<type 'unicode'>
<type 'unicode'>
<type 'unicode'>
<type 'unicode'>
<type 'unicode'>
<type 'unicode'>
<type 'unicode'>
<type 'unicode'>
<type 'unicode'>
<type 'unicode'>
<type 'unicode'>
<type 'unicode'>
<type 'unicode'>
<type 'unicode'>
<type 'unicode'>
<type 'unicode'>
<type 'unicode'>
<type 'unicode'>
<type 'unicode'>
<type 'unicode'>
<type 'unicode'>
<type 'unicode'>
<type 'unicode'>
<type 'unicode'>
<type 'unicode'>
<type 'unicode'>
<type 'unicode'>
<type 'unicode'>
<type 'unicode'>
<type 'unicode'>
<type 'unicode'>
<type 'unicode'>
<type 'unicode'>
<type 'unicode'>
<type 'unicode'>
<type 'unicode'>
<type 'unicode'>
<type 'unicode'>
<type 'unicode'>
<type 'unicode'>
<type 'unicode'>
<type 'unicode'>
<type 'unicode'>
<type 'unicode'>
<type 'unicode'>
<type 'unicode'>
<type 'unicode'>
<type 'unicode'>
<type 'unicode'>
<type 'unicode'>
<type 'unicode'>
<type 'unicode'>
<type 'unicode'>
<type 'unicode'>
<type 'unicode'>
<type 'unicode'>
<type 'unicode'>
<type 'unicode'>
<type 'unicode'>
<type 'unicode'>
<type 'unicode'>
<type 'unicode'>
<type 'unicode'>
<type 'unicode'>
<type 'unicode'>
<type 'unicode'>
<type 'unicode'>
<type 'unicode'>
<type 'unicode'>
<type 'unicode'>
<type 'unicode'>
<type 'unicode'>
<type 'unicode'>
<type 'unicode'>
<type 'unicode'>
<type 'unicode'>
<type 'unicode'>
<type 'unicode'>
<type 'unicode'>
<type 'unicode'>
<type 'unicode'>
<type 'unicode'>
<type 'unicode'>
<type 'unicode'>
<type 'unicode'>
<type 'unicode'>
<type 'unicode'>
<type 'unicode'>
<type 'unicode'>
<type 'unicode'>
<type 'unicode'>
<type 'unicode'>
<type 'unicode'>
<type 'unicode'>
<type 'unicode'>
<type 'unicode'>
<type 'unicode'>
<type 'unicode'>
<type 'unicode'>
<type 'unicode'>
<type 'unicode'>
<type 'unicode'>
<type 'unicode'>
<type 'unicode'>
<type 'unicode'>
<type 'unicode'>
<type 'unicode'>
<type 'unicode'>
<type 'unicode'>
<type 'unicode'>
<type 'unicode'>
<type 'unicode'>
<type 'unicode'>
<type 'unicode'>
<type 'unicode'>
<type 'unicode'>
<type 'unicode'>
<type 'unicode'>
<type 'unicode'>
<type 'unicode'>
<type 'unicode'>
<type 'unicode'>
<type 'unicode'>
<type 'unicode'>
<type 'unicode'>
<type 'unicode'>
<type 'unicode'>
<type 'unicode'>
<type 'unicode'>
<type 'unicode'>
<type 'unicode'>
<type 'unicode'>
<type 'unicode'>
<type 'unicode'>
<type 'unicode'>
<type 'unicode'>
<type 'unicode'>
<type 'unicode'>
<type 'unicode'>
<type 'unicode'>
<type 'unicode'>
<type 'unicode'>
<type 'unicode'>
<type 'unicode'>
<type 'unicode'>
<type 'unicode'>
<type 'unicode'>
<type 'unicode'>
<type 'unicode'>
<type 'unicode'>
<type 'unicode'>
<type 'unicode'>
<type 'unicode'>
<type 'unicode'>
<type 'unicode'>
<type 'unicode'>
<type 'unicode'>
<type 'unicode'>
<type 'unicode'>
<type 'unicode'>
<type 'unicode'>
<type 'unicode'>
<type 'unicode'>
<type 'unicode'>
<type 'unicode'>
<type 'unicode'>
<type 'unicode'>
<type 'unicode'>
<type 'unicode'>
<type 'unicode'>
<type 'unicode'>
<type 'unicode'>
<type 'unicode'>
<type 'unicode'>
<type 'unicode'>
<type 'unicode'>
<type 'unicode'>
<type 'unicode'>
<type 'unicode'>
<type 'unicode'>
<type 'unicode'>
<type 'unicode'>
<type 'unicode'>
<type 'unicode'>
<type 'unicode'>
<type 'unicode'>
<type 'unicode'>
<type 'unicode'>
<type 'unicode'>
<type 'unicode'>
<type 'unicode'>
<type 'unicode'>
<type 'unicode'>
<type 'unicode'>
<type 'unicode'>
<type 'unicode'>
<type 'unicode'>
<type 'unicode'>
<type 'unicode'>
<type 'unicode'>
<type 'unicode'>
<type 'unicode'>
<type 'unicode'>
<type 'unicode'>
<type 'unicode'>
<type 'unicode'>
<type 'unicode'>
<type 'unicode'>
<type 'unicode'>
<type 'unicode'>
<type 'unicode'>
<type 'unicode'>
<type 'unicode'>
<type 'unicode'>
<type 'unicode'>
<type 'unicode'>
<type 'unicode'>
<type 'unicode'>
<type 'unicode'>
<type 'unicode'>
<type 'unicode'>
<type 'unicode'>
<type 'unicode'>
<type 'unicode'>
<type 'unicode'>
<type 'unicode'>
<type 'unicode'>
<type 'unicode'>
<type 'unicode'>
<type 'unicode'>
<type 'unicode'>
<type 'unicode'>
<type 'unicode'>
<type 'unicode'>
<type 'unicode'>
<type 'unicode'>
<type 'unicode'>
<type 'unicode'>
<type 'unicode'>
<type 'unicode'>
<type 'unicode'>
<type 'unicode'>
<type 'unicode'>
<type 'unicode'>
<type 'unicode'>
<type 'unicode'>
<type 'unicode'>
<type 'unicode'>
<type 'unicode'>
<type 'unicode'>
<type 'unicode'>
<type 'unicode'>
<type 'unicode'>
<type 'unicode'>
<type 'unicode'>
<type 'unicode'>
<type 'unicode'>
<type 'unicode'>
<type 'unicode'>
<type 'unicode'>
<type 'unicode'>
<type 'unicode'>
<type 'unicode'>
<type 'unicode'>
<type 'unicode'>
<type 'unicode'>
<type 'unicode'>
<type 'unicode'>
<type 'unicode'>
<type 'unicode'>
<type 'unicode'>
<type 'unicode'>
<type 'unicode'>
<type 'unicode'>
<type 'unicode'>
<type 'unicode'>
<type 'unicode'>
<type 'unicode'>
<type 'unicode'>
<type 'unicode'>
<type 'unicode'>
<type 'unicode'>
<type 'unicode'>
<type 'unicode'>
<type 'unicode'>
<type 'unicode'>
<type 'unicode'>
<type 'unicode'>
<type 'unicode'>
<type 'unicode'>
<type 'unicode'>
<type 'unicode'>
<type 'unicode'>
<type 'unicode'>
<type 'unicode'>
<type 'unicode'>
<type 'unicode'>
<type 'unicode'>
<type 'unicode'>
<type 'unicode'>
<type 'unicode'>
<type 'unicode'>
<type 'unicode'>
<type 'unicode'>
<type 'unicode'>
<type 'unicode'>
<type 'unicode'>
<type 'unicode'>
<type 'unicode'>
<type 'unicode'>
<type 'unicode'>
<type 'unicode'>
<type 'unicode'>
<type 'unicode'>
<type 'unicode'>
<type 'unicode'>
<type 'unicode'>
<type 'unicode'>
<type 'unicode'>
<type 'unicode'>
<type 'unicode'>
<type 'unicode'>
<type 'unicode'>
<type 'unicode'>
<type 'unicode'>
<type 'unicode'>
<type 'unicode'>
<type 'unicode'>
<type 'unicode'>
<type 'unicode'>
<type 'unicode'>
<type 'unicode'>
<type 'unicode'>
<type 'unicode'>
<type 'unicode'>
<type 'unicode'>
<type 'unicode'>
<type 'unicode'>
<type 'unicode'>
<type 'unicode'>
<type 'unicode'>
<type 'unicode'>
<type 'unicode'>
47472
Mismatch count:37214
Normal count:373692
!! Done
========== nohup  python ghProc.py projects/top_C++/Polycode >> cpp.out 2>> cpp.err ============
Utility to process github logs
Going to process projects/top_C++/Polycode/all_log.txt 
---------- Polycode ------------

<type 'unicode'>
<type 'unicode'>
<type 'unicode'>
1333
Mismatch count:11631
Normal count:14803
!! Done
========== nohup  python ghProc.py projects/top_C++/TideSDK >> cpp.out 2>> cpp.err ============
Utility to process github logs
Going to process projects/top_C++/TideSDK/all_log.txt 
---------- TideSDK ------------

952
Mismatch count:3944
Normal count:10258
!! Done
========== nohup  python ghProc.py projects/top_C++/bitcoin >> cpp.out 2>> cpp.err ============
Utility to process github logs
Going to process projects/top_C++/bitcoin/all_log.txt 
---------- bitcoin ------------

<type 'unicode'>
<type 'unicode'>
<type 'unicode'>
<type 'unicode'>
<type 'unicode'>
<type 'unicode'>
<type 'unicode'>
<type 'unicode'>
<type 'unicode'>
<type 'unicode'>
<type 'unicode'>
<type 'unicode'>
<type 'unicode'>
<type 'unicode'>
<type 'unicode'>
<type 'unicode'>
<type 'unicode'>
<type 'unicode'>
<type 'unicode'>
<type 'unicode'>
<type 'unicode'>
<type 'unicode'>
<type 'unicode'>
<type 'unicode'>
<type 'unicode'>
<type 'unicode'>
<type 'unicode'>
<type 'unicode'>
<type 'unicode'>
<type 'unicode'>
<type 'unicode'>
<type 'unicode'>
<type 'unicode'>
<type 'unicode'>
<type 'unicode'>
<type 'unicode'>
<type 'unicode'>
<type 'unicode'>
<type 'unicode'>
<type 'unicode'>
<type 'unicode'>
<type 'unicode'>
<type 'unicode'>
<type 'unicode'>
<type 'unicode'>
<type 'unicode'>
<type 'unicode'>
<type 'unicode'>
<type 'unicode'>
<type 'unicode'>
<type 'unicode'>
<type 'unicode'>
<type 'unicode'>
<type 'unicode'>
5665
Mismatch count:4390
Normal count:29418
!! Done
========== nohup  python ghProc.py projects/top_C++/brackets-app >> cpp.out 2>> cpp.err ============
Utility to process github logs
Going to process projects/top_C++/brackets-app/all_log.txt 
---------- brackets-app ------------

102
Mismatch count:371
Normal count:589
!! Done
========== nohup  python ghProc.py projects/top_C++/capnproto >> cpp.out 2>> cpp.err ============
Utility to process github logs
Going to process projects/top_C++/capnproto/all_log.txt 
---------- capnproto ------------

<type 'unicode'>
<type 'unicode'>
876
Mismatch count:6389
Normal count:25467
!! Done
========== nohup  python ghProc.py projects/top_C++/DOOM-3-BFG >> cpp.out 2>> cpp.err ============
Utility to process github logs
Going to process projects/top_C++/DOOM-3-BFG/all_log.txt 
---------- DOOM-3-BFG ------------

3
Mismatch count:731
Normal count:182
!! Done
========== nohup  python ghProc.py projects/top_C++/doom3.gpl >> cpp.out 2>> cpp.err ============
Utility to process github logs
Going to process projects/top_C++/doom3.gpl/all_log.txt 
---------- doom3.gpl ------------

30
Mismatch count:936
Normal count:37
!! Done
========== nohup  python ghProc.py projects/top_C++/fish-shell >> cpp.out 2>> cpp.err ============
Utility to process github logs
Going to process projects/top_C++/fish-shell/all_log.txt 
---------- fish-shell ------------

<type 'unicode'>
<type 'unicode'>
<type 'unicode'>
<type 'unicode'>
<type 'unicode'>
<type 'unicode'>
<type 'unicode'>
<type 'unicode'>
<type 'unicode'>
<type 'unicode'>
<type 'unicode'>
<type 'unicode'>
<type 'unicode'>
<type 'unicode'>
<type 'unicode'>
<type 'unicode'>
<type 'unicode'>
<type 'unicode'>
<type 'unicode'>
<type 'unicode'>
<type 'unicode'>
<type 'unicode'>
<type 'unicode'>
<type 'unicode'>
<type 'unicode'>
<type 'unicode'>
<type 'unicode'>
<type 'unicode'>
<type 'unicode'>
<type 'unicode'>
<type 'unicode'>
<type 'unicode'>
2638
Mismatch count:2964
Normal count:35868
!! Done
========== nohup  python ghProc.py projects/top_C++/folly >> cpp.out 2>> cpp.err ============
Utility to process github logs
Going to process projects/top_C++/folly/all_log.txt 
---------- folly ------------

<type 'unicode'>
<type 'unicode'>
<type 'unicode'>
<type 'unicode'>
<type 'unicode'>
<type 'unicode'>
<type 'unicode'>
<type 'unicode'>
<type 'unicode'>
1612
Mismatch count:2919
Normal count:7887
!! Done
========== nohup  python ghProc.py projects/top_C++/fr_public >> cpp.out 2>> cpp.err ============
Utility to process github logs
Going to process projects/top_C++/fr_public/all_log.txt 
---------- fr_public ------------

220
Mismatch count:920
Normal count:1121
!! Done
========== nohup  python ghProc.py projects/top_C++/grive >> cpp.out 2>> cpp.err ============
Utility to process github logs
Going to process projects/top_C++/grive/all_log.txt 
---------- grive ------------

<type 'unicode'>
231
Mismatch count:426
Normal count:1524
!! Done
========== nohup  python ghProc.py projects/top_C++/hiphop-php >> cpp.out 2>> cpp.err ============
Utility to process github logs
Going to process projects/top_C++/hiphop-php/all_log.txt 
---------- hiphop-php ------------

<type 'unicode'>
<type 'unicode'>
<type 'unicode'>
<type 'unicode'>
<type 'unicode'>
<type 'unicode'>
<type 'unicode'>
<type 'unicode'>
<type 'unicode'>
<type 'unicode'>
<type 'unicode'>
<type 'unicode'>
<type 'unicode'>
<type 'unicode'>
<type 'unicode'>
<type 'unicode'>
<type 'unicode'>
<type 'unicode'>
<type 'unicode'>
<type 'unicode'>
<type 'unicode'>
<type 'unicode'>
<type 'unicode'>
<type 'unicode'>
<type 'unicode'>
<type 'unicode'>
<type 'unicode'>
<type 'unicode'>
<type 'unicode'>
<type 'unicode'>
<type 'unicode'>
<type 'unicode'>
<type 'unicode'>
<type 'unicode'>
<type 'unicode'>
<type 'unicode'>
<type 'unicode'>
<type 'unicode'>
<type 'unicode'>
<type 'unicode'>
<type 'unicode'>
<type 'unicode'>
<type 'unicode'>
<type 'unicode'>
<type 'unicode'>
<type 'unicode'>
<type 'unicode'>
<type 'unicode'>
<type 'unicode'>
<type 'unicode'>
<type 'unicode'>
<type 'unicode'>
<type 'unicode'>
<type 'unicode'>
<type 'unicode'>
<type 'unicode'>
<type 'unicode'>
<type 'unicode'>
<type 'unicode'>
<type 'unicode'>
<type 'unicode'>
<type 'unicode'>
<type 'unicode'>
<type 'unicode'>
<type 'unicode'>
<type 'unicode'>
<type 'unicode'>
<type 'unicode'>
<type 'unicode'>
<type 'unicode'>
<type 'unicode'>
<type 'unicode'>
<type 'unicode'>
<type 'unicode'>
<type 'unicode'>
<type 'unicode'>
<type 'unicode'>
<type 'unicode'>
<type 'unicode'>
<type 'unicode'>
<type 'unicode'>
<type 'unicode'>
<type 'unicode'>
<type 'unicode'>
<type 'unicode'>
<type 'unicode'>
<type 'unicode'>
<type 'unicode'>
<type 'unicode'>
<type 'unicode'>
<type 'unicode'>
<type 'unicode'>
<type 'unicode'>
<type 'unicode'>
<type 'unicode'>
<type 'unicode'>
<type 'unicode'>
<type 'unicode'>
11830
Mismatch count:111535
Normal count:442289
!! Done
========== nohup  python ghProc.py projects/top_C++/mongo >> cpp.out 2>> cpp.err ============
Utility to process github logs
Going to process projects/top_C++/mongo/all_log.txt 
---------- mongo ------------

<type 'unicode'>
<type 'unicode'>
23262
Mismatch count:57579
Normal count:7418
!! Done
========== nohup  python ghProc.py projects/top_C++/mosh >> cpp.out 2>> cpp.err ============
Utility to process github logs
Going to process projects/top_C++/mosh/all_log.txt 
---------- mosh ------------

<type 'unicode'>
<type 'unicode'>
<type 'unicode'>
<type 'unicode'>
<type 'unicode'>
<type 'unicode'>
<type 'unicode'>
<type 'unicode'>
<type 'unicode'>
<type 'unicode'>
<type 'unicode'>
<type 'unicode'>
<type 'unicode'>
<type 'unicode'>
<type 'unicode'>
<type 'unicode'>
<type 'unicode'>
<type 'unicode'>
<type 'unicode'>
<type 'unicode'>
<type 'unicode'>
<type 'unicode'>
702
Mismatch count:625
Normal count:2917
!! Done
========== nohup  python ghProc.py projects/top_C++/node-webkit >> cpp.out 2>> cpp.err ============
Utility to process github logs
Going to process projects/top_C++/node-webkit/all_log.txt 
---------- node-webkit ------------

<type 'unicode'>
939
Mismatch count:1397
Normal count:4289
!! Done
========== nohup  python ghProc.py projects/top_C++/opencv >> cpp.out 2>> cpp.err ============
Utility to process github logs
Going to process projects/top_C++/opencv/all_log.txt 
---------- opencv ------------

<type 'unicode'>
<type 'unicode'>
<type 'unicode'>
<type 'unicode'>
<type 'unicode'>
<type 'unicode'>
<type 'unicode'>
<type 'unicode'>
<type 'unicode'>
<type 'unicode'>
<type 'unicode'>
<type 'unicode'>
<type 'unicode'>
<type 'unicode'>
<type 'unicode'>
<type 'unicode'>
<type 'unicode'>
<type 'unicode'>
<type 'unicode'>
<type 'unicode'>
<type 'unicode'>
<type 'unicode'>
<type 'unicode'>
<type 'unicode'>
<type 'unicode'>
<type 'unicode'>
<type 'unicode'>
<type 'unicode'>
<type 'unicode'>
<type 'unicode'>
<type 'unicode'>
10561
Mismatch count:12331
Normal count:116710
!! Done
========== nohup  python ghProc.py projects/top_C++/OpenSubdiv >> cpp.out 2>> cpp.err ============
Utility to process github logs
Going to process projects/top_C++/OpenSubdiv/all_log.txt 
---------- OpenSubdiv ------------

<type 'unicode'>
<type 'unicode'>
1220
Mismatch count:3473
Normal count:17414
!! Done
========== nohup  python ghProc.py projects/top_C++/pdf2htmlEX >> cpp.out 2>> cpp.err ============
Utility to process github logs
Going to process projects/top_C++/pdf2htmlEX/all_log.txt 
---------- pdf2htmlEX ------------

820
Mismatch count:690
Normal count:4250
!! Done
========== nohup  python ghProc.py projects/top_C++/phantomjs >> cpp.out 2>> cpp.err ============
Utility to process github logs
Going to process projects/top_C++/phantomjs/all_log.txt 
---------- phantomjs ------------

<type 'unicode'>
<type 'unicode'>
<type 'unicode'>
<type 'unicode'>
611
Mismatch count:24349
Normal count:4903
!! Done
========== nohup  python ghProc.py projects/top_C++/rethinkdb >> cpp.out 2>> cpp.err ============
Utility to process github logs
Going to process projects/top_C++/rethinkdb/all_log.txt 
---------- rethinkdb ------------

<type 'unicode'>
<type 'unicode'>
<type 'unicode'>
<type 'unicode'>
17092
Mismatch count:26034
Normal count:86165
!! Done
========== nohup  python ghProc.py projects/top_C++/rocksdb >> cpp.out 2>> cpp.err ============
Utility to process github logs
Going to process projects/top_C++/rocksdb/all_log.txt 
---------- rocksdb ------------

<type 'unicode'>
<type 'unicode'>
<type 'unicode'>
<type 'unicode'>
<type 'unicode'>
<type 'unicode'>
<type 'unicode'>
<type 'unicode'>
<type 'unicode'>
<type 'unicode'>
<type 'unicode'>
<type 'unicode'>
<type 'unicode'>
<type 'unicode'>
<type 'unicode'>
<type 'unicode'>
<type 'unicode'>
<type 'unicode'>
<type 'unicode'>
<type 'unicode'>
<type 'unicode'>
2881
Mismatch count:6896
Normal count:28154
!! Done
========== nohup  python ghProc.py projects/top_C++/source-sdk-2013 >> cpp.out 2>> cpp.err ============
Utility to process github logs
Going to process projects/top_C++/source-sdk-2013/all_log.txt 
---------- source-sdk-2013 ------------

<type 'unicode'>
<type 'unicode'>
<type 'unicode'>
<type 'unicode'>
<type 'unicode'>
<type 'unicode'>
<type 'unicode'>
<type 'unicode'>
24
Mismatch count:10185
Normal count:2493
!! Done
========== nohup  python ghProc.py projects/top_C++/subvim >> cpp.out 2>> cpp.err ============
Utility to process github logs
Going to process projects/top_C++/subvim/all_log.txt 
---------- subvim ------------

8
Mismatch count:2094
Normal count:1710
!! Done
========== nohup  python ghProc.py projects/top_C++/tiled >> cpp.out 2>> cpp.err ============
Utility to process github logs
Going to process projects/top_C++/tiled/all_log.txt 
---------- tiled ------------

<type 'unicode'>
<type 'unicode'>
<type 'unicode'>
<type 'unicode'>
<type 'unicode'>
<type 'unicode'>
<type 'unicode'>
<type 'unicode'>
<type 'unicode'>
<type 'unicode'>
<type 'unicode'>
<type 'unicode'>
<type 'unicode'>
<type 'unicode'>
<type 'unicode'>
<type 'unicode'>
<type 'unicode'>
<type 'unicode'>
<type 'unicode'>
<type 'unicode'>
<type 'unicode'>
<type 'unicode'>
<type 'unicode'>
<type 'unicode'>
<type 'unicode'>
<type 'unicode'>
<type 'unicode'>
<type 'unicode'>
<type 'unicode'>
<type 'unicode'>
<type 'unicode'>
<type 'unicode'>
<type 'unicode'>
<type 'unicode'>
<type 'unicode'>
<type 'unicode'>
<type 'unicode'>
<type 'unicode'>
<type 'unicode'>
<type 'unicode'>
<type 'unicode'>
<type 'unicode'>
<type 'unicode'>
<type 'unicode'>
<type 'unicode'>
<type 'unicode'>
<type 'unicode'>
<type 'unicode'>
<type 'unicode'>
<type 'unicode'>
<type 'unicode'>
<type 'unicode'>
<type 'unicode'>
<type 'unicode'>
<type 'unicode'>
<type 'unicode'>
<type 'unicode'>
<type 'unicode'>
<type 'unicode'>
<type 'unicode'>
<type 'unicode'>
<type 'unicode'>
<type 'unicode'>
<type 'unicode'>
<type 'unicode'>
<type 'unicode'>
<type 'unicode'>
<type 'unicode'>
<type 'unicode'>
<type 'unicode'>
<type 'unicode'>
<type 'unicode'>
<type 'unicode'>
<type 'unicode'>
<type 'unicode'>
<type 'unicode'>
<type 'unicode'>
<type 'unicode'>
<type 'unicode'>
<type 'unicode'>
<type 'unicode'>
<type 'unicode'>
<type 'unicode'>
<type 'unicode'>
<type 'unicode'>
<type 'unicode'>
<type 'unicode'>
<type 'unicode'>
<type 'unicode'>
<type 'unicode'>
<type 'unicode'>
<type 'unicode'>
<type 'unicode'>
<type 'unicode'>
<type 'unicode'>
<type 'unicode'>
<type 'unicode'>
<type 'unicode'>
<type 'unicode'>
<type 'unicode'>
<type 'unicode'>
<type 'unicode'>
<type 'unicode'>
<type 'unicode'>
<type 'unicode'>
<type 'unicode'>
<type 'unicode'>
<type 'unicode'>
<type 'unicode'>
<type 'unicode'>
<type 'unicode'>
<type 'unicode'>
<type 'unicode'>
<type 'unicode'>
<type 'unicode'>
<type 'unicode'>
<type 'unicode'>
<type 'unicode'>
<type 'unicode'>
<type 'unicode'>
<type 'unicode'>
<type 'unicode'>
<type 'unicode'>
<type 'unicode'>
<type 'unicode'>
<type 'unicode'>
<type 'unicode'>
<type 'unicode'>
<type 'unicode'>
<type 'unicode'>
<type 'unicode'>
<type 'unicode'>
<type 'unicode'>
<type 'unicode'>
<type 'unicode'>
<type 'unicode'>
<type 'unicode'>
<type 'unicode'>
<type 'unicode'>
<type 'unicode'>
<type 'unicode'>
<type 'unicode'>
<type 'unicode'>
<type 'unicode'>
<type 'unicode'>
<type 'unicode'>
<type 'unicode'>
<type 'unicode'>
<type 'unicode'>
<type 'unicode'>
<type 'unicode'>
<type 'unicode'>
<type 'unicode'>
<type 'unicode'>
<type 'unicode'>
<type 'unicode'>
<type 'unicode'>
<type 'unicode'>
<type 'unicode'>
<type 'unicode'>
<type 'unicode'>
<type 'unicode'>
<type 'unicode'>
<type 'unicode'>
<type 'unicode'>
<type 'unicode'>
<type 'unicode'>
<type 'unicode'>
<type 'unicode'>
<type 'unicode'>
<type 'unicode'>
<type 'unicode'>
<type 'unicode'>
<type 'unicode'>
<type 'unicode'>
<type 'unicode'>
<type 'unicode'>
<type 'unicode'>
<type 'unicode'>
<type 'unicode'>
<type 'unicode'>
<type 'unicode'>
<type 'unicode'>
<type 'unicode'>
<type 'unicode'>
<type 'unicode'>
<type 'unicode'>
<type 'unicode'>
<type 'unicode'>
<type 'unicode'>
<type 'unicode'>
<type 'unicode'>
<type 'unicode'>
<type 'unicode'>
<type 'unicode'>
<type 'unicode'>
<type 'unicode'>
<type 'unicode'>
<type 'unicode'>
<type 'unicode'>
<type 'unicode'>
<type 'unicode'>
<type 'unicode'>
<type 'unicode'>
<type 'unicode'>
<type 'unicode'>
<type 'unicode'>
<type 'unicode'>
<type 'unicode'>
<type 'unicode'>
<type 'unicode'>
<type 'unicode'>
<type 'unicode'>
<type 'unicode'>
<type 'unicode'>
<type 'unicode'>
<type 'unicode'>
<type 'unicode'>
<type 'unicode'>
<type 'unicode'>
<type 'unicode'>
<type 'unicode'>
<type 'unicode'>
<type 'unicode'>
<type 'unicode'>
<type 'unicode'>
<type 'unicode'>
<type 'unicode'>
<type 'unicode'>
<type 'unicode'>
<type 'unicode'>
<type 'unicode'>
<type 'unicode'>
<type 'unicode'>
<type 'unicode'>
<type 'unicode'>
<type 'unicode'>
<type 'unicode'>
<type 'unicode'>
<type 'unicode'>
<type 'unicode'>
<type 'unicode'>
<type 'unicode'>
<type 'unicode'>
<type 'unicode'>
<type 'unicode'>
<type 'unicode'>
<type 'unicode'>
<type 'unicode'>
<type 'unicode'>
<type 'unicode'>
<type 'unicode'>
<type 'unicode'>
<type 'unicode'>
<type 'unicode'>
<type 'unicode'>
<type 'unicode'>
<type 'unicode'>
<type 'unicode'>
<type 'unicode'>
<type 'unicode'>
<type 'unicode'>
<type 'unicode'>
<type 'unicode'>
<type 'unicode'>
<type 'unicode'>
<type 'unicode'>
<type 'unicode'>
<type 'unicode'>
<type 'unicode'>
<type 'unicode'>
<type 'unicode'>
<type 'unicode'>
<type 'unicode'>
<type 'unicode'>
<type 'unicode'>
<type 'unicode'>
<type 'unicode'>
<type 'unicode'>
<type 'unicode'>
<type 'unicode'>
<type 'unicode'>
<type 'unicode'>
<type 'unicode'>
<type 'unicode'>
<type 'unicode'>
<type 'unicode'>
<type 'unicode'>
<type 'unicode'>
<type 'unicode'>
<type 'unicode'>
<type 'unicode'>
<type 'unicode'>
<type 'unicode'>
<type 'unicode'>
<type 'unicode'>
<type 'unicode'>
<type 'unicode'>
<type 'unicode'>
<type 'unicode'>
<type 'unicode'>
<type 'unicode'>
<type 'unicode'>
<type 'unicode'>
<type 'unicode'>
<type 'unicode'>
<type 'unicode'>
<type 'unicode'>
<type 'unicode'>
<type 'unicode'>
<type 'unicode'>
<type 'unicode'>
<type 'unicode'>
<type 'unicode'>
<type 'unicode'>
<type 'unicode'>
<type 'unicode'>
<type 'unicode'>
<type 'unicode'>
<type 'unicode'>
<type 'unicode'>
<type 'unicode'>
<type 'unicode'>
<type 'unicode'>
<type 'unicode'>
<type 'unicode'>
<type 'unicode'>
<type 'unicode'>
<type 'unicode'>
<type 'unicode'>
<type 'unicode'>
<type 'unicode'>
<type 'unicode'>
<type 'unicode'>
<type 'unicode'>
<type 'unicode'>
<type 'unicode'>
<type 'unicode'>
<type 'unicode'>
<type 'unicode'>
<type 'unicode'>
<type 'unicode'>
<type 'unicode'>
<type 'unicode'>
<type 'unicode'>
<type 'unicode'>
<type 'unicode'>
<type 'unicode'>
<type 'unicode'>
<type 'unicode'>
<type 'unicode'>
<type 'unicode'>
<type 'unicode'>
<type 'unicode'>
<type 'unicode'>
<type 'unicode'>
<type 'unicode'>
<type 'unicode'>
<type 'unicode'>
<type 'unicode'>
<type 'unicode'>
<type 'unicode'>
<type 'unicode'>
<type 'unicode'>
<type 'unicode'>
<type 'unicode'>
<type 'unicode'>
<type 'unicode'>
<type 'unicode'>
<type 'unicode'>
<type 'unicode'>
<type 'unicode'>
<type 'unicode'>
<type 'unicode'>
<type 'unicode'>
<type 'unicode'>
<type 'unicode'>
<type 'unicode'>
<type 'unicode'>
<type 'unicode'>
<type 'unicode'>
<type 'unicode'>
<type 'unicode'>
<type 'unicode'>
<type 'unicode'>
<type 'unicode'>
<type 'unicode'>
<type 'unicode'>
<type 'unicode'>
<type 'unicode'>
<type 'unicode'>
<type 'unicode'>
<type 'unicode'>
<type 'unicode'>
<type 'unicode'>
<type 'unicode'>
<type 'unicode'>
<type 'unicode'>
<type 'unicode'>
<type 'unicode'>
<type 'unicode'>
<type 'unicode'>
<type 'unicode'>
<type 'unicode'>
<type 'unicode'>
<type 'unicode'>
<type 'unicode'>
<type 'unicode'>
<type 'unicode'>
<type 'unicode'>
<type 'unicode'>
<type 'unicode'>
<type 'unicode'>
<type 'unicode'>
<type 'unicode'>
<type 'unicode'>
<type 'unicode'>
<type 'unicode'>
<type 'unicode'>
<type 'unicode'>
<type 'unicode'>
<type 'unicode'>
<type 'unicode'>
<type 'unicode'>
<type 'unicode'>
<type 'unicode'>
<type 'unicode'>
<type 'unicode'>
<type 'unicode'>
<type 'unicode'>
<type 'unicode'>
<type 'unicode'>
<type 'unicode'>
<type 'unicode'>
<type 'unicode'>
<type 'unicode'>
<type 'unicode'>
<type 'unicode'>
<type 'unicode'>
<type 'unicode'>
<type 'unicode'>
<type 'unicode'>
<type 'unicode'>
<type 'unicode'>
<type 'unicode'>
<type 'unicode'>
<type 'unicode'>
<type 'unicode'>
<type 'unicode'>
<type 'unicode'>
<type 'unicode'>
<type 'unicode'>
<type 'unicode'>
<type 'unicode'>
<type 'unicode'>
<type 'unicode'>
<type 'unicode'>
<type 'unicode'>
<type 'unicode'>
<type 'unicode'>
<type 'unicode'>
<type 'unicode'>
<type 'unicode'>
<type 'unicode'>
<type 'unicode'>
<type 'unicode'>
<type 'unicode'>
<type 'unicode'>
<type 'unicode'>
<type 'unicode'>
<type 'unicode'>
<type 'unicode'>
<type 'unicode'>
<type 'unicode'>
<type 'unicode'>
<type 'unicode'>
<type 'unicode'>
<type 'unicode'>
<type 'unicode'>
<type 'unicode'>
<type 'unicode'>
<type 'unicode'>
<type 'unicode'>
<type 'unicode'>
<type 'unicode'>
<type 'unicode'>
<type 'unicode'>
<type 'unicode'>
<type 'unicode'>
<type 'unicode'>
<type 'unicode'>
<type 'unicode'>
<type 'unicode'>
<type 'unicode'>
<type 'unicode'>
<type 'unicode'>
<type 'unicode'>
<type 'unicode'>
<type 'unicode'>
<type 'unicode'>
<type 'unicode'>
<type 'unicode'>
<type 'unicode'>
<type 'unicode'>
<type 'unicode'>
<type 'unicode'>
<type 'unicode'>
<type 'unicode'>
<type 'unicode'>
<type 'unicode'>
<type 'unicode'>
<type 'unicode'>
<type 'unicode'>
<type 'unicode'>
<type 'unicode'>
<type 'unicode'>
<type 'unicode'>
<type 'unicode'>
<type 'unicode'>
<type 'unicode'>
<type 'unicode'>
<type 'unicode'>
<type 'unicode'>
<type 'unicode'>
<type 'unicode'>
<type 'unicode'>
<type 'unicode'>
<type 'unicode'>
<type 'unicode'>
<type 'unicode'>
<type 'unicode'>
<type 'unicode'>
<type 'unicode'>
<type 'unicode'>
<type 'unicode'>
<type 'unicode'>
<type 'unicode'>
<type 'unicode'>
<type 'unicode'>
<type 'unicode'>
<type 'unicode'>
<type 'unicode'>
<type 'unicode'>
<type 'unicode'>
<type 'unicode'>
<type 'unicode'>
<type 'unicode'>
<type 'unicode'>
<type 'unicode'>
<type 'unicode'>
<type 'unicode'>
<type 'unicode'>
<type 'unicode'>
<type 'unicode'>
<type 'unicode'>
<type 'unicode'>
<type 'unicode'>
<type 'unicode'>
<type 'unicode'>
<type 'unicode'>
<type 'unicode'>
<type 'unicode'>
<type 'unicode'>
<type 'unicode'>
<type 'unicode'>
<type 'unicode'>
<type 'unicode'>
<type 'unicode'>
<type 'unicode'>
<type 'unicode'>
<type 'unicode'>
<type 'unicode'>
<type 'unicode'>
<type 'unicode'>
<type 'unicode'>
<type 'unicode'>
<type 'unicode'>
<type 'unicode'>
<type 'unicode'>
<type 'unicode'>
<type 'unicode'>
<type 'unicode'>
<type 'unicode'>
<type 'unicode'>
<type 'unicode'>
<type 'unicode'>
<type 'unicode'>
<type 'unicode'>
<type 'unicode'>
<type 'unicode'>
<type 'unicode'>
<type 'unicode'>
<type 'unicode'>
<type 'unicode'>
<type 'unicode'>
<type 'unicode'>
<type 'unicode'>
<type 'unicode'>
<type 'unicode'>
<type 'unicode'>
<type 'unicode'>
<type 'unicode'>
<type 'unicode'>
<type 'unicode'>
<type 'unicode'>
<type 'unicode'>
<type 'unicode'>
<type 'unicode'>
<type 'unicode'>
<type 'unicode'>
<type 'unicode'>
<type 'unicode'>
<type 'unicode'>
<type 'unicode'>
<type 'unicode'>
<type 'unicode'>
<type 'unicode'>
<type 'unicode'>
<type 'unicode'>
<type 'unicode'>
<type 'unicode'>
<type 'unicode'>
<type 'unicode'>
<type 'unicode'>
<type 'unicode'>
<type 'unicode'>
<type 'unicode'>
<type 'unicode'>
<type 'unicode'>
<type 'unicode'>
<type 'unicode'>
<type 'unicode'>
<type 'unicode'>
<type 'unicode'>
<type 'unicode'>
<type 'unicode'>
<type 'unicode'>
<type 'unicode'>
<type 'unicode'>
<type 'unicode'>
<type 'unicode'>
<type 'unicode'>
<type 'unicode'>
<type 'unicode'>
<type 'unicode'>
<type 'unicode'>
<type 'unicode'>
<type 'unicode'>
<type 'unicode'>
<type 'unicode'>
<type 'unicode'>
<type 'unicode'>
<type 'unicode'>
<type 'unicode'>
<type 'unicode'>
<type 'unicode'>
<type 'unicode'>
<type 'unicode'>
<type 'unicode'>
<type 'unicode'>
<type 'unicode'>
<type 'unicode'>
<type 'unicode'>
<type 'unicode'>
<type 'unicode'>
<type 'unicode'>
<type 'unicode'>
<type 'unicode'>
<type 'unicode'>
<type 'unicode'>
<type 'unicode'>
<type 'unicode'>
<type 'unicode'>
<type 'unicode'>
<type 'unicode'>
<type 'unicode'>
<type 'unicode'>
<type 'unicode'>
<type 'unicode'>
<type 'unicode'>
<type 'unicode'>
<type 'unicode'>
<type 'unicode'>
<type 'unicode'>
<type 'unicode'>
<type 'unicode'>
<type 'unicode'>
<type 'unicode'>
<type 'unicode'>
<type 'unicode'>
<type 'unicode'>
<type 'unicode'>
<type 'unicode'>
<type 'unicode'>
<type 'unicode'>
<type 'unicode'>
<type 'unicode'>
<type 'unicode'>
<type 'unicode'>
<type 'unicode'>
<type 'unicode'>
<type 'unicode'>
<type 'unicode'>
<type 'unicode'>
<type 'unicode'>
<type 'unicode'>
<type 'unicode'>
<type 'unicode'>
<type 'unicode'>
<type 'unicode'>
<type 'unicode'>
<type 'unicode'>
<type 'unicode'>
<type 'unicode'>
<type 'unicode'>
<type 'unicode'>
<type 'unicode'>
<type 'unicode'>
<type 'unicode'>
<type 'unicode'>
<type 'unicode'>
<type 'unicode'>
<type 'unicode'>
<type 'unicode'>
<type 'unicode'>
<type 'unicode'>
<type 'unicode'>
<type 'unicode'>
<type 'unicode'>
<type 'unicode'>
<type 'unicode'>
<type 'unicode'>
<type 'unicode'>
<type 'unicode'>
<type 'unicode'>
<type 'unicode'>
<type 'unicode'>
<type 'unicode'>
<type 'unicode'>
<type 'unicode'>
<type 'unicode'>
<type 'unicode'>
<type 'unicode'>
<type 'unicode'>
<type 'unicode'>
<type 'unicode'>
<type 'unicode'>
<type 'unicode'>
<type 'unicode'>
<type 'unicode'>
<type 'unicode'>
<type 'unicode'>
<type 'unicode'>
<type 'unicode'>
<type 'unicode'>
<type 'unicode'>
<type 'unicode'>
<type 'unicode'>
<type 'unicode'>
<type 'unicode'>
<type 'unicode'>
<type 'unicode'>
<type 'unicode'>
<type 'unicode'>
<type 'unicode'>
<type 'unicode'>
<type 'unicode'>
<type 'unicode'>
<type 'unicode'>
<type 'unicode'>
<type 'unicode'>
<type 'unicode'>
<type 'unicode'>
<type 'unicode'>
<type 'unicode'>
<type 'unicode'>
<type 'unicode'>
<type 'unicode'>
<type 'unicode'>
<type 'unicode'>
<type 'unicode'>
<type 'unicode'>
<type 'unicode'>
<type 'unicode'>
<type 'unicode'>
<type 'unicode'>
<type 'unicode'>
<type 'unicode'>
<type 'unicode'>
<type 'unicode'>
<type 'unicode'>
<type 'unicode'>
<type 'unicode'>
<type 'unicode'>
<type 'unicode'>
<type 'unicode'>
<type 'unicode'>
<type 'unicode'>
<type 'unicode'>
<type 'unicode'>
<type 'unicode'>
<type 'unicode'>
<type 'unicode'>
<type 'unicode'>
<type 'unicode'>
<type 'unicode'>
<type 'unicode'>
<type 'unicode'>
<type 'unicode'>
<type 'unicode'>
<type 'unicode'>
<type 'unicode'>
<type 'unicode'>
<type 'unicode'>
<type 'unicode'>
<type 'unicode'>
<type 'unicode'>
<type 'unicode'>
<type 'unicode'>
<type 'unicode'>
<type 'unicode'>
<type 'unicode'>
<type 'unicode'>
<type 'unicode'>
<type 'unicode'>
<type 'unicode'>
<type 'unicode'>
<type 'unicode'>
<type 'unicode'>
<type 'unicode'>
<type 'unicode'>
<type 'unicode'>
<type 'unicode'>
<type 'unicode'>
<type 'unicode'>
<type 'unicode'>
<type 'unicode'>
<type 'unicode'>
<type 'unicode'>
<type 'unicode'>
<type 'unicode'>
<type 'unicode'>
<type 'unicode'>
<type 'unicode'>
<type 'unicode'>
<type 'unicode'>
<type 'unicode'>
<type 'unicode'>
<type 'unicode'>
<type 'unicode'>
<type 'unicode'>
<type 'unicode'>
<type 'unicode'>
<type 'unicode'>
<type 'unicode'>
<type 'unicode'>
<type 'unicode'>
<type 'unicode'>
<type 'unicode'>
<type 'unicode'>
<type 'unicode'>
<type 'unicode'>
<type 'unicode'>
<type 'unicode'>
<type 'unicode'>
<type 'unicode'>
<type 'unicode'>
<type 'unicode'>
<type 'unicode'>
<type 'unicode'>
<type 'unicode'>
<type 'unicode'>
<type 'unicode'>
<type 'unicode'>
<type 'unicode'>
<type 'unicode'>
<type 'unicode'>
<type 'unicode'>
<type 'unicode'>
<type 'unicode'>
<type 'unicode'>
<type 'unicode'>
<type 'unicode'>
<type 'unicode'>
<type 'unicode'>
<type 'unicode'>
<type 'unicode'>
<type 'unicode'>
<type 'unicode'>
<type 'unicode'>
<type 'unicode'>
<type 'unicode'>
<type 'unicode'>
<type 'unicode'>
<type 'unicode'>
<type 'unicode'>
<type 'unicode'>
<type 'unicode'>
<type 'unicode'>
<type 'unicode'>
<type 'unicode'>
<type 'unicode'>
<type 'unicode'>
<type 'unicode'>
<type 'unicode'>
<type 'unicode'>
<type 'unicode'>
<type 'unicode'>
<type 'unicode'>
<type 'unicode'>
<type 'unicode'>
<type 'unicode'>
<type 'unicode'>
<type 'unicode'>
<type 'unicode'>
<type 'unicode'>
<type 'unicode'>
<type 'unicode'>
<type 'unicode'>
<type 'unicode'>
<type 'unicode'>
<type 'unicode'>
<type 'unicode'>
<type 'unicode'>
<type 'unicode'>
<type 'unicode'>
<type 'unicode'>
<type 'unicode'>
<type 'unicode'>
<type 'unicode'>
<type 'unicode'>
<type 'unicode'>
<type 'unicode'>
<type 'unicode'>
<type 'unicode'>
<type 'unicode'>
<type 'unicode'>
<type 'unicode'>
<type 'unicode'>
<type 'unicode'>
<type 'unicode'>
<type 'unicode'>
<type 'unicode'>
<type 'unicode'>
<type 'unicode'>
<type 'unicode'>
<type 'unicode'>
<type 'unicode'>
<type 'unicode'>
<type 'unicode'>
<type 'unicode'>
<type 'unicode'>
<type 'unicode'>
<type 'unicode'>
<type 'unicode'>
<type 'unicode'>
<type 'unicode'>
<type 'unicode'>
<type 'unicode'>
<type 'unicode'>
<type 'unicode'>
<type 'unicode'>
<type 'unicode'>
<type 'unicode'>
<type 'unicode'>
<type 'unicode'>
<type 'unicode'>
<type 'unicode'>
<type 'unicode'>
<type 'unicode'>
<type 'unicode'>
<type 'unicode'>
<type 'unicode'>
<type 'unicode'>
<type 'unicode'>
<type 'unicode'>
<type 'unicode'>
<type 'unicode'>
<type 'unicode'>
<type 'unicode'>
<type 'unicode'>
<type 'unicode'>
<type 'unicode'>
<type 'unicode'>
<type 'unicode'>
<type 'unicode'>
<type 'unicode'>
<type 'unicode'>
<type 'unicode'>
<type 'unicode'>
<type 'unicode'>
<type 'unicode'>
<type 'unicode'>
<type 'unicode'>
<type 'unicode'>
<type 'unicode'>
<type 'unicode'>
<type 'unicode'>
<type 'unicode'>
<type 'unicode'>
<type 'unicode'>
<type 'unicode'>
<type 'unicode'>
<type 'unicode'>
<type 'unicode'>
<type 'unicode'>
<type 'unicode'>
<type 'unicode'>
<type 'unicode'>
<type 'unicode'>
<type 'unicode'>
<type 'unicode'>
<type 'unicode'>
<type 'unicode'>
<type 'unicode'>
<type 'unicode'>
<type 'unicode'>
<type 'unicode'>
<type 'unicode'>
<type 'unicode'>
<type 'unicode'>
<type 'unicode'>
<type 'unicode'>
<type 'unicode'>
<type 'unicode'>
<type 'unicode'>
<type 'unicode'>
<type 'unicode'>
<type 'unicode'>
<type 'unicode'>
<type 'unicode'>
1363
Mismatch count:2287
Normal count:9302
!! Done
========== nohup  python ghProc.py projects/top_C++/Torque3D >> cpp.out 2>> cpp.err ============
Utility to process github logs
Going to process projects/top_C++/Torque3D/all_log.txt 
---------- Torque3D ------------

<type 'unicode'>
<type 'unicode'>
<type 'unicode'>
<type 'unicode'>
1016
Mismatch count:4397
Normal count:15205
!! Done
========== nohup  python ghProc.py projects/top_C++/TrinityCore >> cpp.out 2>> cpp.err ============
Utility to process github logs
Going to process projects/top_C++/TrinityCore/all_log.txt 
---------- TrinityCore ------------

<type 'unicode'>
<type 'unicode'>
<type 'unicode'>
<type 'unicode'>
<type 'unicode'>
<type 'unicode'>
<type 'unicode'>
<type 'unicode'>
<type 'unicode'>
<type 'unicode'>
<type 'unicode'>
<type 'unicode'>
<type 'unicode'>
<type 'unicode'>
<type 'unicode'>
<type 'unicode'>
<type 'unicode'>
<type 'unicode'>
<type 'unicode'>
<type 'unicode'>
<type 'unicode'>
<type 'unicode'>
<type 'unicode'>
<type 'unicode'>
<type 'unicode'>
<type 'unicode'>
<type 'unicode'>
<type 'unicode'>
<type 'unicode'>
<type 'unicode'>
<type 'unicode'>
<type 'unicode'>
<type 'unicode'>
<type 'unicode'>
<type 'unicode'>
<type 'unicode'>
<type 'unicode'>
<type 'unicode'>
<type 'unicode'>
<type 'unicode'>
<type 'unicode'>
<type 'unicode'>
<type 'unicode'>
<type 'unicode'>
<type 'unicode'>
<type 'unicode'>
<type 'unicode'>
<type 'unicode'>
<type 'unicode'>
<type 'unicode'>
<type 'unicode'>
<type 'unicode'>
<type 'unicode'>
<type 'unicode'>
<type 'unicode'>
<type 'unicode'>
<type 'unicode'>
<type 'unicode'>
<type 'unicode'>
<type 'unicode'>
<type 'unicode'>
<type 'unicode'>
<type 'unicode'>
<type 'unicode'>
<type 'unicode'>
<type 'unicode'>
<type 'unicode'>
<type 'unicode'>
<type 'unicode'>
<type 'unicode'>
<type 'unicode'>
<type 'unicode'>
<type 'unicode'>
<type 'unicode'>
<type 'unicode'>
<type 'unicode'>
<type 'unicode'>
<type 'unicode'>
<type 'unicode'>
<type 'unicode'>
<type 'unicode'>
<type 'unicode'>
<type 'unicode'>
<type 'unicode'>
<type 'unicode'>
16673
Mismatch count:38520
Normal count:411233
!! Done
========== nohup  python ghProc.py projects/top_C++/vowpal_wabbit >> cpp.out 2>> cpp.err ============
Utility to process github logs
Going to process projects/top_C++/vowpal_wabbit/all_log.txt 
---------- vowpal_wabbit ------------

<type 'unicode'>
<type 'unicode'>
3148
Mismatch count:3780
Normal count:25994
!! Done
========== nohup  python ghProc.py projects/top_C++/openh264 >> cpp.out 2>> cpp.err ============
Utility to process github logs
Going to process projects/top_C++/openh264/all_log.txt 
---------- openh264 ------------

<type 'unicode'>
<type 'unicode'>
<type 'unicode'>
<type 'unicode'>
<type 'unicode'>
<type 'unicode'>
<type 'unicode'>
<type 'unicode'>
<type 'unicode'>
<type 'unicode'>
<type 'unicode'>
<type 'unicode'>
<type 'unicode'>
<type 'unicode'>
<type 'unicode'>
<type 'unicode'>
<type 'unicode'>
<type 'unicode'>
<type 'unicode'>
<type 'unicode'>
<type 'unicode'>
<type 'unicode'>
<type 'unicode'>
<type 'unicode'>
<type 'unicode'>
<type 'unicode'>
<type 'unicode'>
<type 'unicode'>
<type 'unicode'>
<type 'unicode'>
<type 'unicode'>
<type 'unicode'>
<type 'unicode'>
<type 'unicode'>
<type 'unicode'>
<type 'unicode'>
<type 'unicode'>
<type 'unicode'>
<type 'unicode'>
<type 'unicode'>
<type 'unicode'>
<type 'unicode'>
<type 'unicode'>
<type 'unicode'>
<type 'unicode'>
<type 'unicode'>
<type 'unicode'>
<type 'unicode'>
<type 'unicode'>
<type 'unicode'>
<type 'unicode'>
<type 'unicode'>
<type 'unicode'>
<type 'unicode'>
<type 'unicode'>
<type 'unicode'>
<type 'unicode'>
<type 'unicode'>
<type 'unicode'>
<type 'unicode'>
<type 'unicode'>
<type 'unicode'>
<type 'unicode'>
<type 'unicode'>
<type 'unicode'>
<type 'unicode'>
<type 'unicode'>
<type 'unicode'>
<type 'unicode'>
<type 'unicode'>
<type 'unicode'>
<type 'unicode'>
<type 'unicode'>
<type 'unicode'>
<type 'unicode'>
<type 'unicode'>
<type 'unicode'>
<type 'unicode'>
<type 'unicode'>
<type 'unicode'>
<type 'unicode'>
<type 'unicode'>
<type 'unicode'>
<type 'unicode'>
<type 'unicode'>
<type 'unicode'>
<type 'unicode'>
<type 'unicode'>
<type 'unicode'>
<type 'unicode'>
<type 'unicode'>
<type 'unicode'>
<type 'unicode'>
<type 'unicode'>
<type 'unicode'>
<type 'unicode'>
<type 'unicode'>
<type 'unicode'>
<type 'unicode'>
<type 'unicode'>
<type 'unicode'>
<type 'unicode'>
<type 'unicode'>
<type 'unicode'>
<type 'unicode'>
<type 'unicode'>
<type 'unicode'>
<type 'unicode'>
<type 'unicode'>
<type 'unicode'>
<type 'unicode'>
<type 'unicode'>
<type 'unicode'>
<type 'unicode'>
<type 'unicode'>
<type 'unicode'>
<type 'unicode'>
<type 'unicode'>
<type 'unicode'>
<type 'unicode'>
<type 'unicode'>
<type 'unicode'>
<type 'unicode'>
<type 'unicode'>
<type 'unicode'>
<type 'unicode'>
<type 'unicode'>
<type 'unicode'>
<type 'unicode'>
<type 'unicode'>
<type 'unicode'>
<type 'unicode'>
<type 'unicode'>
<type 'unicode'>
<type 'unicode'>
<type 'unicode'>
<type 'unicode'>
<type 'unicode'>
<type 'unicode'>
<type 'unicode'>
<type 'unicode'>
<type 'unicode'>
<type 'unicode'>
<type 'unicode'>
<type 'unicode'>
<type 'unicode'>
<type 'unicode'>
<type 'unicode'>
<type 'unicode'>
<type 'unicode'>
<type 'unicode'>
<type 'unicode'>
<type 'unicode'>
<type 'unicode'>
<type 'unicode'>
<type 'unicode'>
<type 'unicode'>
<type 'unicode'>
<type 'unicode'>
<type 'unicode'>
<type 'unicode'>
<type 'unicode'>
<type 'unicode'>
<type 'unicode'>
<type 'unicode'>
<type 'unicode'>
<type 'unicode'>
<type 'unicode'>
<type 'unicode'>
<type 'unicode'>
<type 'unicode'>
<type 'unicode'>
<type 'unicode'>
<type 'unicode'>
<type 'unicode'>
<type 'unicode'>
<type 'unicode'>
<type 'unicode'>
<type 'unicode'>
<type 'unicode'>
<type 'unicode'>
<type 'unicode'>
<type 'unicode'>
<type 'unicode'>
<type 'unicode'>
<type 'unicode'>
<type 'unicode'>
<type 'unicode'>
<type 'unicode'>
<type 'unicode'>
<type 'unicode'>
<type 'unicode'>
<type 'unicode'>
<type 'unicode'>
<type 'unicode'>
<type 'unicode'>
<type 'unicode'>
<type 'unicode'>
<type 'unicode'>
<type 'unicode'>
<type 'unicode'>
<type 'unicode'>
<type 'unicode'>
<type 'unicode'>
<type 'unicode'>
<type 'unicode'>
<type 'unicode'>
<type 'unicode'>
<type 'unicode'>
<type 'unicode'>
<type 'unicode'>
<type 'unicode'>
<type 'unicode'>
<type 'unicode'>
<type 'unicode'>
<type 'unicode'>
<type 'unicode'>
<type 'unicode'>
<type 'unicode'>
<type 'unicode'>
<type 'unicode'>
<type 'unicode'>
<type 'unicode'>
<type 'unicode'>
<type 'unicode'>
<type 'unicode'>
<type 'unicode'>
<type 'unicode'>
<type 'unicode'>
<type 'unicode'>
<type 'unicode'>
<type 'unicode'>
<type 'unicode'>
<type 'unicode'>
<type 'unicode'>
<type 'unicode'>
<type 'unicode'>
<type 'unicode'>
<type 'unicode'>
<type 'unicode'>
<type 'unicode'>
<type 'unicode'>
<type 'unicode'>
<type 'unicode'>
<type 'unicode'>
<type 'unicode'>
<type 'unicode'>
<type 'unicode'>
<type 'unicode'>
<type 'unicode'>
<type 'unicode'>
<type 'unicode'>
<type 'unicode'>
<type 'unicode'>
<type 'unicode'>
<type 'unicode'>
<type 'unicode'>
<type 'unicode'>
<type 'unicode'>
<type 'unicode'>
<type 'unicode'>
<type 'unicode'>
<type 'unicode'>
<type 'unicode'>
<type 'unicode'>
<type 'unicode'>
<type 'unicode'>
<type 'unicode'>
<type 'unicode'>
<type 'unicode'>
<type 'unicode'>
<type 'unicode'>
<type 'unicode'>
<type 'unicode'>
<type 'unicode'>
<type 'unicode'>
<type 'unicode'>
<type 'unicode'>
<type 'unicode'>
<type 'unicode'>
<type 'unicode'>
<type 'unicode'>
<type 'unicode'>
<type 'unicode'>
<type 'unicode'>
<type 'unicode'>
<type 'unicode'>
<type 'unicode'>
<type 'unicode'>
<type 'unicode'>
<type 'unicode'>
<type 'unicode'>
<type 'unicode'>
<type 'unicode'>
<type 'unicode'>
<type 'unicode'>
<type 'unicode'>
<type 'unicode'>
<type 'unicode'>
<type 'unicode'>
<type 'unicode'>
<type 'unicode'>
<type 'unicode'>
<type 'unicode'>
<type 'unicode'>
<type 'unicode'>
<type 'unicode'>
<type 'unicode'>
<type 'unicode'>
<type 'unicode'>
<type 'unicode'>
<type 'unicode'>
<type 'unicode'>
<type 'unicode'>
<type 'unicode'>
<type 'unicode'>
<type 'unicode'>
<type 'unicode'>
<type 'unicode'>
<type 'unicode'>
<type 'unicode'>
<type 'unicode'>
<type 'unicode'>
<type 'unicode'>
<type 'unicode'>
<type 'unicode'>
<type 'unicode'>
<type 'unicode'>
<type 'unicode'>
<type 'unicode'>
<type 'unicode'>
<type 'unicode'>
<type 'unicode'>
<type 'unicode'>
<type 'unicode'>
<type 'unicode'>
<type 'unicode'>
<type 'unicode'>
<type 'unicode'>
<type 'unicode'>
<type 'unicode'>
<type 'unicode'>
<type 'unicode'>
<type 'unicode'>
<type 'unicode'>
<type 'unicode'>
<type 'unicode'>
<type 'unicode'>
<type 'unicode'>
<type 'unicode'>
<type 'unicode'>
<type 'unicode'>
<type 'unicode'>
<type 'unicode'>
<type 'unicode'>
<type 'unicode'>
<type 'unicode'>
<type 'unicode'>
<type 'unicode'>
<type 'unicode'>
<type 'unicode'>
<type 'unicode'>
<type 'unicode'>
<type 'unicode'>
<type 'unicode'>
<type 'unicode'>
<type 'unicode'>
<type 'unicode'>
<type 'unicode'>
<type 'unicode'>
<type 'unicode'>
<type 'unicode'>
<type 'unicode'>
<type 'unicode'>
<type 'unicode'>
<type 'unicode'>
<type 'unicode'>
<type 'unicode'>
<type 'unicode'>
<type 'unicode'>
<type 'unicode'>
<type 'unicode'>
<type 'unicode'>
<type 'unicode'>
<type 'unicode'>
<type 'unicode'>
<type 'unicode'>
<type 'unicode'>
<type 'unicode'>
<type 'unicode'>
<type 'unicode'>
<type 'unicode'>
<type 'unicode'>
<type 'unicode'>
<type 'unicode'>
<type 'unicode'>
<type 'unicode'>
<type 'unicode'>
<type 'unicode'>
<type 'unicode'>
<type 'unicode'>
<type 'unicode'>
<type 'unicode'>
<type 'unicode'>
<type 'unicode'>
<type 'unicode'>
<type 'unicode'>
<type 'unicode'>
<type 'unicode'>
<type 'unicode'>
<type 'unicode'>
<type 'unicode'>
<type 'unicode'>
<type 'unicode'>
<type 'unicode'>
<type 'unicode'>
<type 'unicode'>
<type 'unicode'>
<type 'unicode'>
<type 'unicode'>
<type 'unicode'>
<type 'unicode'>
<type 'unicode'>
<type 'unicode'>
<type 'unicode'>
<type 'unicode'>
<type 'unicode'>
<type 'unicode'>
<type 'unicode'>
<type 'unicode'>
<type 'unicode'>
<type 'unicode'>
<type 'unicode'>
<type 'unicode'>
<type 'unicode'>
<type 'unicode'>
<type 'unicode'>
<type 'unicode'>
<type 'unicode'>
<type 'unicode'>
<type 'unicode'>
<type 'unicode'>
<type 'unicode'>
<type 'unicode'>
<type 'unicode'>
<type 'unicode'>
<type 'unicode'>
<type 'unicode'>
<type 'unicode'>
<type 'unicode'>
<type 'unicode'>
<type 'unicode'>
<type 'unicode'>
<type 'unicode'>
<type 'unicode'>
<type 'unicode'>
<type 'unicode'>
<type 'unicode'>
<type 'unicode'>
<type 'unicode'>
<type 'unicode'>
<type 'unicode'>
<type 'unicode'>
<type 'unicode'>
<type 'unicode'>
<type 'unicode'>
<type 'unicode'>
<type 'unicode'>
<type 'unicode'>
<type 'unicode'>
<type 'unicode'>
<type 'unicode'>
<type 'unicode'>
<type 'unicode'>
<type 'unicode'>
<type 'unicode'>
<type 'unicode'>
<type 'unicode'>
<type 'unicode'>
<type 'unicode'>
<type 'unicode'>
<type 'unicode'>
<type 'unicode'>
<type 'unicode'>
<type 'unicode'>
<type 'unicode'>
<type 'unicode'>
<type 'unicode'>
<type 'unicode'>
<type 'unicode'>
<type 'unicode'>
<type 'unicode'>
<type 'unicode'>
<type 'unicode'>
<type 'unicode'>
<type 'unicode'>
<type 'unicode'>
<type 'unicode'>
<type 'unicode'>
<type 'unicode'>
<type 'unicode'>
<type 'unicode'>
<type 'unicode'>
<type 'unicode'>
<type 'unicode'>
<type 'unicode'>
<type 'unicode'>
<type 'unicode'>
<type 'unicode'>
<type 'unicode'>
<type 'unicode'>
<type 'unicode'>
<type 'unicode'>
<type 'unicode'>
<type 'unicode'>
<type 'unicode'>
<type 'unicode'>
<type 'unicode'>
<type 'unicode'>
<type 'unicode'>
<type 'unicode'>
<type 'unicode'>
<type 'unicode'>
<type 'unicode'>
<type 'unicode'>
<type 'unicode'>
<type 'unicode'>
<type 'unicode'>
<type 'unicode'>
<type 'unicode'>
<type 'unicode'>
<type 'unicode'>
<type 'unicode'>
<type 'unicode'>
<type 'unicode'>
<type 'unicode'>
<type 'unicode'>
<type 'unicode'>
<type 'unicode'>
<type 'unicode'>
<type 'unicode'>
<type 'unicode'>
<type 'unicode'>
<type 'unicode'>
<type 'unicode'>
<type 'unicode'>
<type 'unicode'>
<type 'unicode'>
<type 'unicode'>
<type 'unicode'>
<type 'unicode'>
<type 'unicode'>
<type 'unicode'>
<type 'unicode'>
<type 'unicode'>
<type 'unicode'>
<type 'unicode'>
<type 'unicode'>
<type 'unicode'>
<type 'unicode'>
<type 'unicode'>
<type 'unicode'>
<type 'unicode'>
<type 'unicode'>
<type 'unicode'>
<type 'unicode'>
<type 'unicode'>
<type 'unicode'>
<type 'unicode'>
2201
Mismatch count:2341
Normal count:13613
!! Done
========== nohup  python ghProc.py projects/top_C++/v8 >> cpp.out 2>> cpp.err ============
Utility to process github logs
Going to process projects/top_C++/v8/all_log.txt 
---------- v8 ------------

<type 'unicode'>
<type 'unicode'>
<type 'unicode'>
<type 'unicode'>
<type 'unicode'>
<type 'unicode'>
<type 'unicode'>
<type 'unicode'>
<type 'unicode'>
<type 'unicode'>
<type 'unicode'>
<type 'unicode'>
<type 'unicode'>
<type 'unicode'>
<type 'unicode'>
<type 'unicode'>
<type 'unicode'>
<type 'unicode'>
<type 'unicode'>
<type 'unicode'>
<type 'unicode'>
<type 'unicode'>
<type 'unicode'>
<type 'unicode'>
<type 'unicode'>
<type 'unicode'>
<type 'unicode'>
<type 'unicode'>
<type 'unicode'>
<type 'unicode'>
<type 'unicode'>
<type 'unicode'>
<type 'unicode'>
<type 'unicode'>
<type 'unicode'>
<type 'unicode'>
<type 'unicode'>
<type 'unicode'>
<type 'unicode'>
<type 'unicode'>
<type 'unicode'>
<type 'unicode'>
<type 'unicode'>
<type 'unicode'>
<type 'unicode'>
<type 'unicode'>
<type 'unicode'>
<type 'unicode'>
<type 'unicode'>
<type 'unicode'>
<type 'unicode'>
<type 'unicode'>
<type 'unicode'>
<type 'unicode'>
<type 'unicode'>
<type 'unicode'>
<type 'unicode'>
17080
Mismatch count:76559
Normal count:280055
!! Done
========== nohup  python ghProc.py projects/top_C++/mysql >> cpp.out 2>> cpp.err ============
Utility to process github logs
Going to process projects/top_C++/mysql/all_log.txt 
---------- mysql ------------

<type 'unicode'>
<type 'unicode'>
<type 'unicode'>
<type 'unicode'>
<type 'unicode'>
<type 'unicode'>
<type 'unicode'>
<type 'unicode'>
<type 'unicode'>
<type 'unicode'>
<type 'unicode'>
<type 'unicode'>
<type 'unicode'>
<type 'unicode'>
<type 'unicode'>
<type 'unicode'>
<type 'unicode'>
<type 'unicode'>
<type 'unicode'>
<type 'unicode'>
<type 'unicode'>
<type 'unicode'>
<type 'unicode'>
<type 'unicode'>
<type 'unicode'>
<type 'unicode'>
<type 'unicode'>
<type 'unicode'>
<type 'unicode'>
<type 'unicode'>
<type 'unicode'>
<type 'unicode'>
<type 'unicode'>
<type 'unicode'>
<type 'unicode'>
<type 'unicode'>
<type 'unicode'>
<type 'unicode'>
<type 'unicode'>
<type 'unicode'>
<type 'unicode'>
<type 'unicode'>
<type 'unicode'>
<type 'unicode'>
<type 'unicode'>
<type 'unicode'>
<type 'unicode'>
<type 'unicode'>
<type 'unicode'>
<type 'unicode'>
<type 'unicode'>
<type 'unicode'>
<type 'unicode'>
<type 'unicode'>
<type 'unicode'>
<type 'unicode'>
<type 'unicode'>
<type 'unicode'>
<type 'unicode'>
<type 'unicode'>
<type 'unicode'>
<type 'unicode'>
<type 'unicode'>
<type 'unicode'>
<type 'unicode'>
<type 'unicode'>
<type 'unicode'>
<type 'unicode'>
<type 'unicode'>
<type 'unicode'>
<type 'unicode'>
<type 'unicode'>
<type 'unicode'>
<type 'unicode'>
<type 'unicode'>
<type 'unicode'>
<type 'unicode'>
<type 'unicode'>
<type 'unicode'>
<type 'unicode'>
<type 'unicode'>
<type 'unicode'>
<type 'unicode'>
<type 'unicode'>
<type 'unicode'>
<type 'unicode'>
<type 'unicode'>
<type 'unicode'>
<type 'unicode'>
<type 'unicode'>
<type 'unicode'>
<type 'unicode'>
<type 'unicode'>
<type 'unicode'>
<type 'unicode'>
<type 'unicode'>
<type 'unicode'>
<type 'unicode'>
<type 'unicode'>
<type 'unicode'>
<type 'unicode'>
<type 'unicode'>
<type 'unicode'>
<type 'unicode'>
<type 'unicode'>
<type 'unicode'>
<type 'unicode'>
<type 'unicode'>
<type 'unicode'>
<type 'unicode'>
<type 'unicode'>
<type 'unicode'>
<type 'unicode'>
<type 'unicode'>
<type 'unicode'>
<type 'unicode'>
<type 'unicode'>
<type 'unicode'>
<type 'unicode'>
<type 'unicode'>
<type 'unicode'>
<type 'unicode'>
<type 'unicode'>
<type 'unicode'>
<type 'unicode'>
<type 'unicode'>
<type 'unicode'>
<type 'unicode'>
<type 'unicode'>
<type 'unicode'>
<type 'unicode'>
<type 'unicode'>
<type 'unicode'>
<type 'unicode'>
<type 'unicode'>
<type 'unicode'>
<type 'unicode'>
<type 'unicode'>
<type 'unicode'>
<type 'unicode'>
<type 'unicode'>
<type 'unicode'>
<type 'unicode'>
<type 'unicode'>
<type 'unicode'>
<type 'unicode'>
<type 'unicode'>
<type 'unicode'>
<type 'unicode'>
<type 'unicode'>
<type 'unicode'>
<type 'unicode'>
<type 'unicode'>
<type 'unicode'>
<type 'unicode'>
<type 'unicode'>
<type 'unicode'>
<type 'unicode'>
<type 'unicode'>
<type 'unicode'>
<type 'unicode'>
<type 'unicode'>
<type 'unicode'>
<type 'unicode'>
<type 'unicode'>
<type 'unicode'>
<type 'unicode'>
<type 'unicode'>
<type 'unicode'>
<type 'unicode'>
<type 'unicode'>
<type 'unicode'>
<type 'unicode'>
<type 'unicode'>
<type 'unicode'>
<type 'unicode'>
<type 'unicode'>
<type 'unicode'>
<type 'unicode'>
<type 'unicode'>
<type 'unicode'>
<type 'unicode'>
<type 'unicode'>
<type 'unicode'>
<type 'unicode'>
<type 'unicode'>
<type 'unicode'>
<type 'unicode'>
<type 'unicode'>
<type 'unicode'>
<type 'unicode'>
<type 'unicode'>
<type 'unicode'>
<type 'unicode'>
<type 'unicode'>
<type 'unicode'>
<type 'unicode'>
<type 'unicode'>
<type 'unicode'>
<type 'unicode'>
<type 'unicode'>
<type 'unicode'>
<type 'unicode'>
<type 'unicode'>
<type 'unicode'>
<type 'unicode'>
<type 'unicode'>
<type 'unicode'>
<type 'unicode'>
<type 'unicode'>
<type 'unicode'>
<type 'unicode'>
<type 'unicode'>
<type 'unicode'>
<type 'unicode'>
<type 'unicode'>
<type 'unicode'>
<type 'unicode'>
<type 'unicode'>
<type 'unicode'>
<type 'unicode'>
<type 'unicode'>
<type 'unicode'>
<type 'unicode'>
<type 'unicode'>
<type 'unicode'>
<type 'unicode'>
<type 'unicode'>
<type 'unicode'>
<type 'unicode'>
<type 'unicode'>
<type 'unicode'>
<type 'unicode'>
<type 'unicode'>
<type 'unicode'>
<type 'unicode'>
<type 'unicode'>
<type 'unicode'>
<type 'unicode'>
<type 'unicode'>
<type 'unicode'>
<type 'unicode'>
<type 'unicode'>
<type 'unicode'>
<type 'unicode'>
<type 'unicode'>
<type 'unicode'>
<type 'unicode'>
<type 'unicode'>
<type 'unicode'>
<type 'unicode'>
<type 'unicode'>
<type 'unicode'>
<type 'unicode'>
<type 'unicode'>
<type 'unicode'>
<type 'unicode'>
<type 'unicode'>
<type 'unicode'>
<type 'unicode'>
<type 'unicode'>
<type 'unicode'>
<type 'unicode'>
<type 'unicode'>
<type 'unicode'>
<type 'unicode'>
<type 'unicode'>
<type 'unicode'>
<type 'unicode'>
<type 'unicode'>
<type 'unicode'>
<type 'unicode'>
<type 'unicode'>
<type 'unicode'>
<type 'unicode'>
<type 'unicode'>
<type 'unicode'>
<type 'unicode'>
<type 'unicode'>
<type 'unicode'>
<type 'unicode'>
<type 'unicode'>
<type 'unicode'>
<type 'unicode'>
<type 'unicode'>
<type 'unicode'>
<type 'unicode'>
<type 'unicode'>
<type 'unicode'>
<type 'unicode'>
<type 'unicode'>
<type 'unicode'>
<type 'unicode'>
<type 'unicode'>
<type 'unicode'>
<type 'unicode'>
<type 'unicode'>
<type 'unicode'>
<type 'unicode'>
<type 'unicode'>
<type 'unicode'>
<type 'unicode'>
<type 'unicode'>
<type 'unicode'>
<type 'unicode'>
<type 'unicode'>
<type 'unicode'>
<type 'unicode'>
<type 'unicode'>
<type 'unicode'>
<type 'unicode'>
<type 'unicode'>
<type 'unicode'>
<type 'unicode'>
<type 'unicode'>
<type 'unicode'>
<type 'unicode'>
<type 'unicode'>
<type 'unicode'>
<type 'unicode'>
<type 'unicode'>
<type 'unicode'>
<type 'unicode'>
<type 'unicode'>
<type 'unicode'>
<type 'unicode'>
<type 'unicode'>
<type 'unicode'>
<type 'unicode'>
<type 'unicode'>
<type 'unicode'>
<type 'unicode'>
<type 'unicode'>
<type 'unicode'>
<type 'unicode'>
<type 'unicode'>
<type 'unicode'>
<type 'unicode'>
<type 'unicode'>
<type 'unicode'>
<type 'unicode'>
<type 'unicode'>
<type 'unicode'>
<type 'unicode'>
<type 'unicode'>
<type 'unicode'>
<type 'unicode'>
<type 'unicode'>
<type 'unicode'>
<type 'unicode'>
<type 'unicode'>
<type 'unicode'>
<type 'unicode'>
<type 'unicode'>
<type 'unicode'>
<type 'unicode'>
<type 'unicode'>
<type 'unicode'>
<type 'unicode'>
<type 'unicode'>
<type 'unicode'>
<type 'unicode'>
<type 'unicode'>
<type 'unicode'>
<type 'unicode'>
<type 'unicode'>
<type 'unicode'>
<type 'unicode'>
<type 'unicode'>
<type 'unicode'>
<type 'unicode'>
<type 'unicode'>
<type 'unicode'>
<type 'unicode'>
<type 'unicode'>
<type 'unicode'>
<type 'unicode'>
<type 'unicode'>
<type 'unicode'>
<type 'unicode'>
<type 'unicode'>
<type 'unicode'>
<type 'unicode'>
<type 'unicode'>
<type 'unicode'>
<type 'unicode'>
<type 'unicode'>
<type 'unicode'>
<type 'unicode'>
<type 'unicode'>
<type 'unicode'>
<type 'unicode'>
<type 'unicode'>
<type 'unicode'>
<type 'unicode'>
<type 'unicode'>
<type 'unicode'>
<type 'unicode'>
<type 'unicode'>
<type 'unicode'>
<type 'unicode'>
<type 'unicode'>
<type 'unicode'>
<type 'unicode'>
<type 'unicode'>
<type 'unicode'>
<type 'unicode'>
<type 'unicode'>
<type 'unicode'>
<type 'unicode'>
<type 'unicode'>
<type 'unicode'>
<type 'unicode'>
<type 'unicode'>
<type 'unicode'>
<type 'unicode'>
<type 'unicode'>
<type 'unicode'>
<type 'unicode'>
<type 'unicode'>
<type 'unicode'>
<type 'unicode'>
<type 'unicode'>
<type 'unicode'>
<type 'unicode'>
<type 'unicode'>
<type 'unicode'>
<type 'unicode'>
<type 'unicode'>
<type 'unicode'>
<type 'unicode'>
<type 'unicode'>
<type 'unicode'>
<type 'unicode'>
<type 'unicode'>
<type 'unicode'>
<type 'unicode'>
<type 'unicode'>
<type 'unicode'>
<type 'unicode'>
<type 'unicode'>
<type 'unicode'>
<type 'unicode'>
<type 'unicode'>
<type 'unicode'>
<type 'unicode'>
<type 'unicode'>
<type 'unicode'>
<type 'unicode'>
<type 'unicode'>
<type 'unicode'>
<type 'unicode'>
<type 'unicode'>
<type 'unicode'>
<type 'unicode'>
<type 'unicode'>
<type 'unicode'>
<type 'unicode'>
<type 'unicode'>
<type 'unicode'>
<type 'unicode'>
<type 'unicode'>
<type 'unicode'>
<type 'unicode'>
<type 'unicode'>
<type 'unicode'>
<type 'unicode'>
<type 'unicode'>
<type 'unicode'>
<type 'unicode'>
<type 'unicode'>
<type 'unicode'>
<type 'unicode'>
<type 'unicode'>
<type 'unicode'>
<type 'unicode'>
<type 'unicode'>
<type 'unicode'>
<type 'unicode'>
<type 'unicode'>
<type 'unicode'>
<type 'unicode'>
<type 'unicode'>
<type 'unicode'>
<type 'unicode'>
<type 'unicode'>
<type 'unicode'>
47472
Mismatch count:29400
Normal count:381491
!! Done
========== nohup  python ghProc.py projects/top_C++/Polycode >> cpp.out 2>> cpp.err ============
Utility to process github logs
Going to process projects/top_C++/Polycode/all_log.txt 
---------- Polycode ------------

<type 'unicode'>
<type 'unicode'>
<type 'unicode'>
1333
Mismatch count:11464
Normal count:14970
!! Done
