Input file is : text_files/c2.txt
Output file is : 
projects/top_C/linux
projects/top_C/luvit
projects/top_C/macvim
projects/top_C/memcached
projects/top_C/mruby
projects/top_C/node-fibers
projects/top_C/numpy
projects/top_C/oj
projects/top_C/openFrameworks
projects/top_C/php-src
projects/top_C/phpredis
projects/top_C/python-for-android
projects/top_C/redcarpet
projects/top_C/redis
projects/top_C/scikit-learn
projects/top_C/skynet
projects/top_C/tengine
projects/top_C/textmate
projects/top_C/the_silver_searcher
projects/top_C/tig
projects/top_C/twemproxy
projects/top_C/vim.js
projects/top_C/wrk
projects/top_C/xbmc
