projects/top_C++/node-serialport
Going to process projects/top_C++/node-serialport/all_log.txt 
---------- node-serialport ------------

===========================================
Mock_Function_For_Asserts
0
0
0
0
[(969, 1, u'+\tassert(cchDest > 0);')]
===========================================
Class:class SerialPort : public EventEmitter { class SerialPort : public EventEmitter 
Class:class SerialPort : public EventEmitter { class SerialPort : public EventEmitter 
===========================================
Mock_Function_For_Asserts
0
0
0
0
[(49, 2, u"-          assert(*namebuf == '\\0');")]
===========================================
===========================================
Total add: 37
Total del: 26
Header: After
Functions:
===========================================
Mock_Function_For_Asserts
0
0
0
0
[(49, 2, u"-          assert(*namebuf == '\\0');")]
===========================================
===========================================
===========================================
Mock_Function_For_Asserts
0
0
0
0
[(49, 2, u"-          assert(*namebuf == '\\0');")]
===========================================
Class:class SerialPort : public EventEmitter { class SerialPort : public EventEmitter 
===========================================
Mock_Function_For_Asserts
0
0
0
0
[(135, 1, u'+      assert(written == len);'), (360, 1, u'+        assert(_fd == NULL);'), (425, 2, u'-    assert(written == len);')]
===========================================
===========================================
Total add: 136
Total del: 306
Header: main
Functions:
===========================================
Mock_Function_For_Asserts
0
0
0
0
[(135, 1, u'+      assert(written == len);'), (360, 1, u'+        assert(_fd == NULL);'), (425, 2, u'-    assert(written == len);')]
===========================================
===========================================
===========================================
Mock_Function_For_Asserts
0
0
0
0
[(135, 1, u'+      assert(written == len);'), (360, 1, u'+        assert(_fd == NULL);'), (425, 2, u'-    assert(written == len);')]
===========================================
===========================================
Mock_Function_For_Asserts
0
0
0
0
[(93, 1, u"+          assert(*namebuf == '\\0');"), (106, 1, u'+        assert(0 && "Unhandled eio response");'), (111, 1, u'+    assert(req->ptr2);')]
===========================================
===========================================
Total add: 122
Total del: 0
Header: using namespace v8;
Functions:
===========================================
Mock_Function_For_Asserts
0
0
0
0
[(93, 1, u"+          assert(*namebuf == '\\0');"), (106, 1, u'+        assert(0 && "Unhandled eio response");'), (111, 1, u'+    assert(req->ptr2);')]
===========================================
===========================================
===========================================
Mock_Function_For_Asserts
0
0
0
0
[(93, 1, u"+          assert(*namebuf == '\\0');"), (106, 1, u'+        assert(0 && "Unhandled eio response");'), (111, 1, u'+    assert(req->ptr2);')]
===========================================
===========================================
Mock_Function_For_Asserts
0
0
0
0
[(37, 1, u'+  assert(req);                                                    \\'), (537, 1, u'+    assert(written == len);')]
===========================================
<type 'unicode'>
<type 'unicode'>
84
Mismatch count:14963
Normal count:455668
