projects/top_C/redcarpet
Going to process projects/top_C/redcarpet/all_log.txt 
---------- redcarpet ------------

===========================================
Mock_Function_For_Asserts
0
0
0
0
[(2, 1, u'+\tassert(buf && buf->unit);')]
===========================================
===========================================
Total add: 1
Total del: 0
Header: bufprefix
Functions:
===========================================
Mock_Function_For_Asserts
0
0
0
0
[(2, 1, u'+\tassert(buf && buf->unit);')]
===========================================
===========================================
===========================================
Mock_Function_For_Asserts
0
0
0
0
[(2, 1, u'+\tassert(buf && buf->unit);')]
===========================================
===========================================
Mock_Function_For_Asserts
0
0
0
0
[(4, 1, u'+\tassert(buf && buf->unit);')]
===========================================
===========================================
Total add: 4
Total del: 1
Header: bufgrow
Functions:
===========================================
Mock_Function_For_Asserts
0
0
0
0
[(4, 1, u'+\tassert(buf && buf->unit);')]
===========================================
===========================================
===========================================
Mock_Function_For_Asserts
0
0
0
0
[(4, 1, u'+\tassert(buf && buf->unit);')]
===========================================
===========================================
Mock_Function_For_Asserts
0
0
0
0
[(4, 1, u'+\tassert(buf && buf->unit);')]
===========================================
===========================================
Total add: 1
Total del: 2
Header: bufcstr
Functions:
===========================================
Mock_Function_For_Asserts
0
0
0
0
[(4, 1, u'+\tassert(buf && buf->unit);')]
===========================================
===========================================
===========================================
Mock_Function_For_Asserts
0
0
0
0
[(4, 1, u'+\tassert(buf && buf->unit);')]
===========================================
===========================================
Mock_Function_For_Asserts
0
0
0
0
[(8, 1, u'+\tassert(buf && buf->unit);')]
===========================================
===========================================
Total add: 3
Total del: 4
Header: bufprintf
Functions:
===========================================
Mock_Function_For_Asserts
0
0
0
0
[(8, 1, u'+\tassert(buf && buf->unit);')]
===========================================
===========================================
===========================================
Mock_Function_For_Asserts
0
0
0
0
[(8, 1, u'+\tassert(buf && buf->unit);')]
===========================================
===========================================
Mock_Function_For_Asserts
0
0
0
0
[(4, 1, u'+\tassert(buf && buf->unit);')]
===========================================
===========================================
Total add: 1
Total del: 2
Header: bufput
Functions:
===========================================
Mock_Function_For_Asserts
0
0
0
0
[(4, 1, u'+\tassert(buf && buf->unit);')]
===========================================
===========================================
===========================================
Mock_Function_For_Asserts
0
0
0
0
[(4, 1, u'+\tassert(buf && buf->unit);')]
===========================================
===========================================
Mock_Function_For_Asserts
0
0
0
0
[(4, 1, u'+\tassert(buf && buf->unit);')]
===========================================
===========================================
Total add: 1
Total del: 2
Header: bufputc
Functions:
===========================================
Mock_Function_For_Asserts
0
0
0
0
[(4, 1, u'+\tassert(buf && buf->unit);')]
===========================================
===========================================
===========================================
Mock_Function_For_Asserts
0
0
0
0
[(4, 1, u'+\tassert(buf && buf->unit);')]
===========================================
===========================================
Mock_Function_For_Asserts
0
0
0
0
[(4, 1, u'+\tassert(buf && buf->unit);')]
===========================================
===========================================
Total add: 1
Total del: 2
Header: bufslurp
Functions:
===========================================
Mock_Function_For_Asserts
0
0
0
0
[(4, 1, u'+\tassert(buf && buf->unit);')]
===========================================
===========================================
===========================================
Mock_Function_For_Asserts
0
0
0
0
[(4, 1, u'+\tassert(buf && buf->unit);')]
===========================================
===========================================
Mock_Function_For_Asserts
0
0
0
0
[(30, 1, u'+\tassert(max_nesting > 0 && callbacks);')]
===========================================
===========================================
Total add: 30
Total del: 44
Header: expand_tabs
Functions:
===========================================
Mock_Function_For_Asserts
0
0
0
0
[(30, 1, u'+\tassert(max_nesting > 0 && callbacks);')]
===========================================
===========================================
===========================================
Mock_Function_For_Asserts
0
0
0
0
[(30, 1, u'+\tassert(max_nesting > 0 && callbacks);')]
===========================================
===========================================
Mock_Function_For_Asserts
0
0
0
0
[(11, 1, u'+\tassert(md->work_bufs[BUFFER_SPAN].size == 0);'), (12, 1, u'+\tassert(md->work_bufs[BUFFER_BLOCK].size == 0);')]
===========================================
===========================================
Total add: 16
Total del: 15
Header: sd_markdown
Functions:
===========================================
Mock_Function_For_Asserts
0
0
0
0
[(11, 1, u'+\tassert(md->work_bufs[BUFFER_SPAN].size == 0);'), (12, 1, u'+\tassert(md->work_bufs[BUFFER_BLOCK].size == 0);')]
===========================================
===========================================
===========================================
Mock_Function_For_Asserts
0
0
0
0
[(11, 1, u'+\tassert(md->work_bufs[BUFFER_SPAN].size == 0);'), (12, 1, u'+\tassert(md->work_bufs[BUFFER_BLOCK].size == 0);')]
===========================================
===========================================
Mock_Function_For_Asserts
0
0
0
0
[(2, 2, u'-\tassert(rndr.work.size == 0);'), (3, 1, u'+\tassert(rndr.work_bufs[BUFFER_SPAN].size == 0);'), (4, 1, u'+\tassert(rndr.work_bufs[BUFFER_BLOCK].size == 0);')]
===========================================
===========================================
Total add: 9
Total del: 4
Header: cleanup:
Functions:
===========================================
Mock_Function_For_Asserts
0
0
0
0
[(2, 2, u'-\tassert(rndr.work.size == 0);'), (3, 1, u'+\tassert(rndr.work_bufs[BUFFER_SPAN].size == 0);'), (4, 1, u'+\tassert(rndr.work_bufs[BUFFER_BLOCK].size == 0);')]
===========================================
===========================================
===========================================
Mock_Function_For_Asserts
0
0
0
0
[(2, 2, u'-\tassert(rndr.work.size == 0);'), (3, 1, u'+\tassert(rndr.work_bufs[BUFFER_SPAN].size == 0);'), (4, 1, u'+\tassert(rndr.work_bufs[BUFFER_BLOCK].size == 0);')]
===========================================
===========================================
Mock_Function_For_Asserts
0
0
0
0
[(6, 1, u'+\t\tassert(data);')]
===========================================
===========================================
Total add: 5
Total del: 2
Header: rndr_header
Functions:
===========================================
Mock_Function_For_Asserts
0
0
0
0
[(6, 1, u'+\t\tassert(data);')]
===========================================
===========================================
===========================================
Mock_Function_For_Asserts
0
0
0
0
[(6, 1, u'+\t\tassert(data);')]
===========================================
===========================================
Mock_Function_For_Asserts
0
0
0
0
[(6, 1, u'+\tassert(rndr.work.size == 0);')]
===========================================
===========================================
Total add: 1
Total del: 4
Header: markdown
Functions:
===========================================
Mock_Function_For_Asserts
0
0
0
0
[(6, 1, u'+\tassert(rndr.work.size == 0);')]
===========================================
===========================================
===========================================
Mock_Function_For_Asserts
0
0
0
0
[(6, 1, u'+\tassert(rndr.work.size == 0);')]
===========================================
===========================================
Mock_Function_For_Asserts
0
0
0
0
[(7, 2, u'-\tassert(rndr.work.size == 0);')]
===========================================
===========================================
Total add: 12
Total del: 3
Header: markdown
Functions:
===========================================
Mock_Function_For_Asserts
0
0
0
0
[(7, 2, u'-\tassert(rndr.work.size == 0);')]
===========================================
===========================================
===========================================
Mock_Function_For_Asserts
0
0
0
0
[(7, 2, u'-\tassert(rndr.work.size == 0);')]
===========================================
===========================================
Mock_Function_For_Asserts
0
0
0
0
[(1515, 1, u'+\tassert(rndr.work.size == 0);')]
===========================================
<type 'unicode'>
<type 'unicode'>
<type 'unicode'>
<type 'unicode'>
<type 'unicode'>
<type 'unicode'>
<type 'unicode'>
166
Mismatch count:127469
Normal count:2725578
