projects/top_C/wrk
Going to process projects/top_C/wrk/all_log.txt 
---------- wrk ------------

===========================================
Mock_Function_For_Asserts
0
0
0
0
[(4, 2, u'-      lua_assert(J->base[dst+i] != 0);')]
===========================================
===========================================
Total add: 2
Total del: 4
Header: rec_varg
Functions:
===========================================
Mock_Function_For_Asserts
0
0
0
0
[(4, 2, u'-      lua_assert(J->base[dst+i] != 0);')]
===========================================
===========================================
===========================================
Mock_Function_For_Asserts
0
0
0
0
[(4, 2, u'-      lua_assert(J->base[dst+i] != 0);')]
===========================================
===========================================
Mock_Function_For_Asserts
0
0
0
0
[(6358, 1, u'+static int luaB_assert(lua_State*L){'), (6411, 1, u'+{"assert",luaB_assert},')]
===========================================
===========================================
Mock_Function_For_Asserts
0
0
0
0
[(2, 2, u'-  assert(!isspace(ch));')]
===========================================
===========================================
Total add: 9
Total del: 1
Header: parse_url_char
Functions:
===========================================
Mock_Function_For_Asserts
0
0
0
0
[(2, 2, u'-  assert(!isspace(ch));')]
===========================================
===========================================
===========================================
Mock_Function_For_Asserts
0
0
0
0
[(2, 2, u'-  assert(!isspace(ch));')]
===========================================
34
Mismatch count:129980
Normal count:2835804
